{"D:\\belajar-web-program\\my-project\\Instagram-clone-rebuild\\backend\\src\\app.ts": {"path":"D:\\belajar-web-program\\my-project\\Instagram-clone-rebuild\\backend\\src\\app.ts","statementMap":{"0":{"start":{"line":1,"column":0},"end":{"line":1,"column":47}},"1":{"start":{"line":2,"column":0},"end":{"line":2,"column":23}},"2":{"start":{"line":3,"column":0},"end":{"line":3,"column":27}},"3":{"start":{"line":4,"column":0},"end":{"line":4,"column":40}},"4":{"start":{"line":5,"column":0},"end":{"line":5,"column":53}},"5":{"start":{"line":6,"column":0},"end":{"line":6,"column":39}},"6":{"start":{"line":7,"column":0},"end":{"line":7,"column":38}},"7":{"start":{"line":8,"column":0},"end":{"line":8,"column":38}},"8":{"start":{"line":9,"column":0},"end":{"line":9,"column":38}},"9":{"start":{"line":10,"column":0},"end":{"line":10,"column":50}},"10":{"start":{"line":11,"column":0},"end":{"line":11,"column":44}},"11":{"start":{"line":13,"column":21},"end":{"line":13,"column":30}},"12":{"start":{"line":15,"column":0},"end":{"line":15,"column":null}},"13":{"start":{"line":16,"column":0},"end":{"line":16,"column":null}},"14":{"start":{"line":17,"column":0},"end":{"line":17,"column":null}},"15":{"start":{"line":19,"column":0},"end":{"line":19,"column":null}},"16":{"start":{"line":21,"column":0},"end":{"line":21,"column":null}},"17":{"start":{"line":22,"column":0},"end":{"line":22,"column":null}},"18":{"start":{"line":23,"column":0},"end":{"line":23,"column":null}},"19":{"start":{"line":24,"column":0},"end":{"line":24,"column":null}},"20":{"start":{"line":25,"column":0},"end":{"line":25,"column":null}},"21":{"start":{"line":27,"column":0},"end":{"line":29,"column":null}},"22":{"start":{"line":28,"column":2},"end":{"line":28,"column":null}},"23":{"start":{"line":30,"column":0},"end":{"line":30,"column":null}},"24":{"start":{"line":32,"column":0},"end":{"line":32,"column":null}}},"fnMap":{"0":{"name":"(anonymous_1)","decl":{"start":{"line":27,"column":13},"end":{"line":27,"column":14}},"loc":{"start":{"line":27,"column":32},"end":{"line":29,"column":1}}}},"branchMap":{},"s":{"0":1,"1":1,"2":1,"3":1,"4":1,"5":1,"6":1,"7":1,"8":1,"9":1,"10":1,"11":1,"12":1,"13":1,"14":1,"15":1,"16":1,"17":1,"18":1,"19":1,"20":1,"21":1,"22":0,"23":1,"24":1},"f":{"0":0},"b":{}}
,"D:\\belajar-web-program\\my-project\\Instagram-clone-rebuild\\backend\\src\\controllers\\auth.ts": {"path":"D:\\belajar-web-program\\my-project\\Instagram-clone-rebuild\\backend\\src\\controllers\\auth.ts","statementMap":{"0":{"start":{"line":4,"column":0},"end":{"line":4,"column":27}},"1":{"start":{"line":5,"column":0},"end":{"line":5,"column":30}},"2":{"start":{"line":7,"column":0},"end":{"line":7,"column":40}},"3":{"start":{"line":8,"column":0},"end":{"line":8,"column":33}},"4":{"start":{"line":11,"column":24},"end":{"line":41,"column":1}},"5":{"start":{"line":12,"column":54},"end":{"line":12,"column":62}},"6":{"start":{"line":13,"column":2},"end":{"line":40,"column":3}},"7":{"start":{"line":14,"column":31},"end":{"line":14,"column":60}},"8":{"start":{"line":15,"column":39},"end":{"line":15,"column":71}},"9":{"start":{"line":16,"column":4},"end":{"line":19,"column":5}},"10":{"start":{"line":17,"column":6},"end":{"line":17,"column":null}},"11":{"start":{"line":18,"column":6},"end":{"line":18,"column":12}},"12":{"start":{"line":21,"column":4},"end":{"line":24,"column":5}},"13":{"start":{"line":22,"column":6},"end":{"line":22,"column":null}},"14":{"start":{"line":23,"column":6},"end":{"line":23,"column":12}},"15":{"start":{"line":26,"column":27},"end":{"line":26,"column":58}},"16":{"start":{"line":28,"column":4},"end":{"line":32,"column":null}},"17":{"start":{"line":34,"column":4},"end":{"line":37,"column":null}},"18":{"start":{"line":39,"column":4},"end":{"line":39,"column":null}},"19":{"start":{"line":11,"column":13},"end":{"line":11,"column":24}},"20":{"start":{"line":43,"column":35},"end":{"line":89,"column":1}},"21":{"start":{"line":44,"column":67},"end":{"line":44,"column":75}},"22":{"start":{"line":45,"column":2},"end":{"line":88,"column":3}},"23":{"start":{"line":46,"column":31},"end":{"line":46,"column":60}},"24":{"start":{"line":47,"column":4},"end":{"line":50,"column":5}},"25":{"start":{"line":48,"column":6},"end":{"line":48,"column":null}},"26":{"start":{"line":49,"column":6},"end":{"line":49,"column":12}},"27":{"start":{"line":52,"column":18},"end":{"line":52,"column":63}},"28":{"start":{"line":53,"column":4},"end":{"line":56,"column":5}},"29":{"start":{"line":54,"column":6},"end":{"line":54,"column":null}},"30":{"start":{"line":55,"column":6},"end":{"line":55,"column":12}},"31":{"start":{"line":58,"column":20},"end":{"line":62,"column":null}},"32":{"start":{"line":64,"column":24},"end":{"line":66,"column":6}},"33":{"start":{"line":68,"column":25},"end":{"line":70,"column":6}},"34":{"start":{"line":72,"column":4},"end":{"line":72,"column":null}},"35":{"start":{"line":73,"column":4},"end":{"line":73,"column":null}},"36":{"start":{"line":74,"column":4},"end":{"line":74,"column":null}},"37":{"start":{"line":76,"column":4},"end":{"line":85,"column":null}},"38":{"start":{"line":87,"column":4},"end":{"line":87,"column":null}},"39":{"start":{"line":43,"column":13},"end":{"line":43,"column":35}},"40":{"start":{"line":91,"column":31},"end":{"line":142,"column":1}},"41":{"start":{"line":92,"column":103},"end":{"line":92,"column":111}},"42":{"start":{"line":94,"column":2},"end":{"line":141,"column":3}},"43":{"start":{"line":95,"column":31},"end":{"line":95,"column":60}},"44":{"start":{"line":97,"column":34},"end":{"line":97,"column":38}},"45":{"start":{"line":98,"column":21},"end":{"line":98,"column":40}},"46":{"start":{"line":100,"column":4},"end":{"line":109,"column":5}},"47":{"start":{"line":101,"column":6},"end":{"line":108,"column":null}},"48":{"start":{"line":111,"column":20},"end":{"line":115,"column":null}},"49":{"start":{"line":117,"column":24},"end":{"line":119,"column":6}},"50":{"start":{"line":121,"column":25},"end":{"line":123,"column":6}},"51":{"start":{"line":125,"column":4},"end":{"line":128,"column":5}},"52":{"start":{"line":126,"column":6},"end":{"line":126,"column":null}},"53":{"start":{"line":127,"column":6},"end":{"line":127,"column":null}},"54":{"start":{"line":130,"column":4},"end":{"line":130,"column":null}},"55":{"start":{"line":132,"column":4},"end":{"line":138,"column":null}},"56":{"start":{"line":140,"column":4},"end":{"line":140,"column":null}},"57":{"start":{"line":91,"column":13},"end":{"line":91,"column":31}},"58":{"start":{"line":144,"column":22},"end":{"line":166,"column":1}},"59":{"start":{"line":145,"column":2},"end":{"line":165,"column":3}},"60":{"start":{"line":146,"column":25},"end":{"line":146,"column":49}},"61":{"start":{"line":147,"column":4},"end":{"line":147,"column":null}},"62":{"start":{"line":147,"column":23},"end":{"line":147,"column":null}},"63":{"start":{"line":149,"column":31},"end":{"line":151,"column":6}},"64":{"start":{"line":153,"column":4},"end":{"line":153,"column":null}},"65":{"start":{"line":153,"column":15},"end":{"line":153,"column":null}},"66":{"start":{"line":155,"column":4},"end":{"line":155,"column":null}},"67":{"start":{"line":156,"column":4},"end":{"line":156,"column":null}},"68":{"start":{"line":158,"column":4},"end":{"line":158,"column":null}},"69":{"start":{"line":159,"column":4},"end":{"line":162,"column":null}},"70":{"start":{"line":164,"column":4},"end":{"line":164,"column":null}},"71":{"start":{"line":144,"column":13},"end":{"line":144,"column":22}},"72":{"start":{"line":168,"column":23},"end":{"line":182,"column":1}},"73":{"start":{"line":169,"column":2},"end":{"line":181,"column":3}},"74":{"start":{"line":170,"column":24},"end":{"line":171,"column":null}},"75":{"start":{"line":173,"column":4},"end":{"line":178,"column":null}},"76":{"start":{"line":180,"column":4},"end":{"line":180,"column":null}},"77":{"start":{"line":168,"column":13},"end":{"line":168,"column":23}}},"fnMap":{"0":{"name":"(anonymous_1)","decl":{"start":{"line":11,"column":24},"end":{"line":11,"column":29}},"loc":{"start":{"line":11,"column":82},"end":{"line":41,"column":1}}},"1":{"name":"(anonymous_2)","decl":{"start":{"line":43,"column":35},"end":{"line":43,"column":40}},"loc":{"start":{"line":43,"column":93},"end":{"line":89,"column":1}}},"2":{"name":"(anonymous_3)","decl":{"start":{"line":91,"column":31},"end":{"line":91,"column":36}},"loc":{"start":{"line":91,"column":89},"end":{"line":142,"column":1}}},"3":{"name":"(anonymous_4)","decl":{"start":{"line":144,"column":22},"end":{"line":144,"column":27}},"loc":{"start":{"line":144,"column":80},"end":{"line":166,"column":1}}},"4":{"name":"(anonymous_5)","decl":{"start":{"line":168,"column":23},"end":{"line":168,"column":28}},"loc":{"start":{"line":168,"column":81},"end":{"line":182,"column":1}}}},"branchMap":{"0":{"loc":{"start":{"line":16,"column":4},"end":{"line":19,"column":5}},"type":"if","locations":[{"start":{"line":16,"column":4},"end":{"line":19,"column":5}}]},"1":{"loc":{"start":{"line":21,"column":4},"end":{"line":24,"column":5}},"type":"if","locations":[{"start":{"line":21,"column":4},"end":{"line":24,"column":5}}]},"2":{"loc":{"start":{"line":47,"column":4},"end":{"line":50,"column":5}},"type":"if","locations":[{"start":{"line":47,"column":4},"end":{"line":50,"column":5}}]},"3":{"loc":{"start":{"line":53,"column":4},"end":{"line":56,"column":5}},"type":"if","locations":[{"start":{"line":53,"column":4},"end":{"line":56,"column":5}}]},"4":{"loc":{"start":{"line":100,"column":4},"end":{"line":109,"column":5}},"type":"if","locations":[{"start":{"line":100,"column":4},"end":{"line":109,"column":5}}]},"5":{"loc":{"start":{"line":112,"column":11},"end":{"line":112,"column":25}},"type":"cond-expr","locations":[{"start":{"line":112,"column":20},"end":{"line":112,"column":22}},{"start":{"line":112,"column":11},"end":{"line":112,"column":25}}]},"6":{"loc":{"start":{"line":112,"column":11},"end":{"line":112,"column":22}},"type":"binary-expr","locations":[{"start":{"line":112,"column":11},"end":{"line":112,"column":22}},{"start":{"line":112,"column":11},"end":{"line":112,"column":22}}]},"7":{"loc":{"start":{"line":113,"column":16},"end":{"line":113,"column":35}},"type":"cond-expr","locations":[{"start":{"line":113,"column":25},"end":{"line":113,"column":27}},{"start":{"line":113,"column":16},"end":{"line":113,"column":35}}]},"8":{"loc":{"start":{"line":113,"column":16},"end":{"line":113,"column":27}},"type":"binary-expr","locations":[{"start":{"line":113,"column":16},"end":{"line":113,"column":27}},{"start":{"line":113,"column":16},"end":{"line":113,"column":27}}]},"9":{"loc":{"start":{"line":114,"column":13},"end":{"line":114,"column":29}},"type":"cond-expr","locations":[{"start":{"line":114,"column":22},"end":{"line":114,"column":24}},{"start":{"line":114,"column":13},"end":{"line":114,"column":29}}]},"10":{"loc":{"start":{"line":114,"column":13},"end":{"line":114,"column":24}},"type":"binary-expr","locations":[{"start":{"line":114,"column":13},"end":{"line":114,"column":24}},{"start":{"line":114,"column":13},"end":{"line":114,"column":24}}]},"11":{"loc":{"start":{"line":125,"column":4},"end":{"line":128,"column":5}},"type":"if","locations":[{"start":{"line":125,"column":4},"end":{"line":128,"column":5}}]},"12":{"loc":{"start":{"line":127,"column":12},"end":{"line":127,"column":29}},"type":"cond-expr","locations":[{"start":{"line":127,"column":21},"end":{"line":127,"column":23}},{"start":{"line":127,"column":12},"end":{"line":127,"column":29}}]},"13":{"loc":{"start":{"line":127,"column":12},"end":{"line":127,"column":23}},"type":"binary-expr","locations":[{"start":{"line":127,"column":12},"end":{"line":127,"column":23}},{"start":{"line":127,"column":12},"end":{"line":127,"column":23}}]},"14":{"loc":{"start":{"line":147,"column":4},"end":{"line":147,"column":null}},"type":"if","locations":[{"start":{"line":147,"column":4},"end":{"line":147,"column":null}}]},"15":{"loc":{"start":{"line":153,"column":4},"end":{"line":153,"column":null}},"type":"if","locations":[{"start":{"line":153,"column":4},"end":{"line":153,"column":null}}]}},"s":{"0":1,"1":1,"2":1,"3":1,"4":1,"5":4,"6":4,"7":4,"8":3,"9":3,"10":1,"11":1,"12":2,"13":1,"14":1,"15":1,"16":1,"17":1,"18":1,"19":1,"20":1,"21":4,"22":4,"23":4,"24":3,"25":1,"26":1,"27":2,"28":2,"29":1,"30":1,"31":1,"32":1,"33":1,"34":1,"35":1,"36":1,"37":1,"38":1,"39":1,"40":1,"41":3,"42":3,"43":3,"44":2,"45":2,"46":2,"47":1,"48":2,"49":2,"50":2,"51":2,"52":2,"53":2,"54":2,"55":2,"56":1,"57":1,"58":1,"59":3,"60":3,"61":3,"62":0,"63":3,"64":2,"65":1,"66":1,"67":1,"68":1,"69":1,"70":1,"71":1,"72":1,"73":1,"74":1,"75":1,"76":0,"77":1},"f":{"0":4,"1":4,"2":3,"3":3,"4":1},"b":{"0":[1],"1":[1],"2":[1],"3":[1],"4":[1],"5":[0,2],"6":[2,2],"7":[0,2],"8":[2,2],"9":[0,2],"10":[2,2],"11":[2],"12":[0,2],"13":[2,2],"14":[0],"15":[1]}}
,"D:\\belajar-web-program\\my-project\\Instagram-clone-rebuild\\backend\\src\\controllers\\comment.ts": {"path":"D:\\belajar-web-program\\my-project\\Instagram-clone-rebuild\\backend\\src\\controllers\\comment.ts","statementMap":{"0":{"start":{"line":4,"column":0},"end":{"line":4,"column":40}},"1":{"start":{"line":6,"column":0},"end":{"line":6,"column":39}},"2":{"start":{"line":7,"column":0},"end":{"line":7,"column":33}},"3":{"start":{"line":9,"column":29},"end":{"line":37,"column":1}},"4":{"start":{"line":10,"column":17},"end":{"line":10,"column":27}},"5":{"start":{"line":11,"column":37},"end":{"line":11,"column":45}},"6":{"start":{"line":13,"column":2},"end":{"line":36,"column":3}},"7":{"start":{"line":14,"column":31},"end":{"line":14,"column":54}},"8":{"start":{"line":16,"column":4},"end":{"line":21,"column":null}},"9":{"start":{"line":23,"column":4},"end":{"line":28,"column":5}},"10":{"start":{"line":24,"column":39},"end":{"line":24,"column":56}},"11":{"start":{"line":25,"column":6},"end":{"line":25,"column":null}},"12":{"start":{"line":27,"column":6},"end":{"line":27,"column":null}},"13":{"start":{"line":30,"column":4},"end":{"line":33,"column":null}},"14":{"start":{"line":35,"column":4},"end":{"line":35,"column":null}},"15":{"start":{"line":9,"column":13},"end":{"line":9,"column":29}},"16":{"start":{"line":39,"column":30},"end":{"line":76,"column":1}},"17":{"start":{"line":40,"column":17},"end":{"line":40,"column":27}},"18":{"start":{"line":41,"column":2},"end":{"line":75,"column":3}},"19":{"start":{"line":42,"column":33},"end":{"line":65,"column":25}},"20":{"start":{"line":67,"column":4},"end":{"line":72,"column":null}},"21":{"start":{"line":74,"column":4},"end":{"line":74,"column":null}},"22":{"start":{"line":39,"column":13},"end":{"line":39,"column":30}},"23":{"start":{"line":78,"column":28},"end":{"line":106,"column":1}},"24":{"start":{"line":79,"column":24},"end":{"line":79,"column":34}},"25":{"start":{"line":80,"column":37},"end":{"line":80,"column":45}},"26":{"start":{"line":82,"column":2},"end":{"line":105,"column":3}},"27":{"start":{"line":83,"column":37},"end":{"line":83,"column":87}},"28":{"start":{"line":84,"column":4},"end":{"line":84,"column":74}},"29":{"start":{"line":84,"column":20},"end":{"line":84,"column":65}},"30":{"start":{"line":84,"column":66},"end":{"line":84,"column":72}},"31":{"start":{"line":86,"column":17},"end":{"line":86,"column":50}},"32":{"start":{"line":87,"column":4},"end":{"line":87,"column":68}},"33":{"start":{"line":87,"column":17},"end":{"line":87,"column":59}},"34":{"start":{"line":87,"column":60},"end":{"line":87,"column":66}},"35":{"start":{"line":89,"column":4},"end":{"line":92,"column":null}},"36":{"start":{"line":93,"column":29},"end":{"line":93,"column":46}},"37":{"start":{"line":94,"column":4},"end":{"line":94,"column":null}},"38":{"start":{"line":96,"column":4},"end":{"line":96,"column":null}},"39":{"start":{"line":97,"column":4},"end":{"line":97,"column":null}},"40":{"start":{"line":99,"column":4},"end":{"line":102,"column":null}},"41":{"start":{"line":104,"column":4},"end":{"line":104,"column":null}},"42":{"start":{"line":78,"column":13},"end":{"line":78,"column":28}}},"fnMap":{"0":{"name":"(anonymous_1)","decl":{"start":{"line":9,"column":29},"end":{"line":9,"column":34}},"loc":{"start":{"line":9,"column":87},"end":{"line":37,"column":1}}},"1":{"name":"(anonymous_2)","decl":{"start":{"line":39,"column":30},"end":{"line":39,"column":35}},"loc":{"start":{"line":39,"column":88},"end":{"line":76,"column":1}}},"2":{"name":"(anonymous_3)","decl":{"start":{"line":78,"column":28},"end":{"line":78,"column":33}},"loc":{"start":{"line":78,"column":86},"end":{"line":106,"column":1}}}},"branchMap":{"0":{"loc":{"start":{"line":23,"column":4},"end":{"line":28,"column":5}},"type":"if","locations":[{"start":{"line":23,"column":4},"end":{"line":28,"column":5}}]},"1":{"loc":{"start":{"line":27,"column":12},"end":{"line":27,"column":24}},"type":"cond-expr","locations":[{"start":{"line":27,"column":16},"end":{"line":27,"column":18}},{"start":{"line":27,"column":12},"end":{"line":27,"column":24}}]},"2":{"loc":{"start":{"line":27,"column":12},"end":{"line":27,"column":18}},"type":"binary-expr","locations":[{"start":{"line":27,"column":12},"end":{"line":27,"column":18}},{"start":{"line":27,"column":12},"end":{"line":27,"column":18}}]},"3":{"loc":{"start":{"line":84,"column":4},"end":{"line":84,"column":74}},"type":"if","locations":[{"start":{"line":84,"column":4},"end":{"line":84,"column":74}}]},"4":{"loc":{"start":{"line":87,"column":4},"end":{"line":87,"column":68}},"type":"if","locations":[{"start":{"line":87,"column":4},"end":{"line":87,"column":68}}]}},"s":{"0":1,"1":1,"2":1,"3":1,"4":0,"5":0,"6":0,"7":0,"8":0,"9":0,"10":0,"11":0,"12":0,"13":0,"14":0,"15":1,"16":1,"17":0,"18":0,"19":0,"20":0,"21":0,"22":1,"23":1,"24":0,"25":0,"26":0,"27":0,"28":0,"29":0,"30":0,"31":0,"32":0,"33":0,"34":0,"35":0,"36":0,"37":0,"38":0,"39":0,"40":0,"41":0,"42":1},"f":{"0":0,"1":0,"2":0},"b":{"0":[0],"1":[0,0],"2":[0,0],"3":[0],"4":[0]}}
,"D:\\belajar-web-program\\my-project\\Instagram-clone-rebuild\\backend\\src\\controllers\\errorHandler.ts": {"path":"D:\\belajar-web-program\\my-project\\Instagram-clone-rebuild\\backend\\src\\controllers\\errorHandler.ts","statementMap":{"0":{"start":{"line":4,"column":21},"end":{"line":10,"column":1}},"1":{"start":{"line":5,"column":2},"end":{"line":5,"column":null}},"2":{"start":{"line":6,"column":2},"end":{"line":9,"column":null}},"3":{"start":{"line":12,"column":0},"end":{"line":12,"column":null}}},"fnMap":{"0":{"name":"(anonymous_0)","decl":{"start":{"line":4,"column":21},"end":{"line":4,"column":22}},"loc":{"start":{"line":4,"column":88},"end":{"line":10,"column":1}}}},"branchMap":{"0":{"loc":{"start":{"line":5,"column":19},"end":{"line":5,"column":40}},"type":"binary-expr","locations":[{"start":{"line":5,"column":19},"end":{"line":5,"column":33}},{"start":{"line":5,"column":37},"end":{"line":5,"column":40}}]}},"s":{"0":1,"1":10,"2":10,"3":1},"f":{"0":10},"b":{"0":[10,0]}}
,"D:\\belajar-web-program\\my-project\\Instagram-clone-rebuild\\backend\\src\\controllers\\historySearch.ts": {"path":"D:\\belajar-web-program\\my-project\\Instagram-clone-rebuild\\backend\\src\\controllers\\historySearch.ts","statementMap":{"0":{"start":{"line":4,"column":0},"end":{"line":4,"column":40}},"1":{"start":{"line":6,"column":0},"end":{"line":6,"column":45}},"2":{"start":{"line":7,"column":0},"end":{"line":7,"column":33}},"3":{"start":{"line":9,"column":26},"end":{"line":44,"column":1}},"4":{"start":{"line":10,"column":25},"end":{"line":10,"column":35}},"5":{"start":{"line":11,"column":2},"end":{"line":43,"column":3}},"6":{"start":{"line":12,"column":31},"end":{"line":12,"column":62}},"7":{"start":{"line":13,"column":4},"end":{"line":13,"column":68}},"8":{"start":{"line":13,"column":17},"end":{"line":13,"column":59}},"9":{"start":{"line":13,"column":60},"end":{"line":13,"column":66}},"10":{"start":{"line":15,"column":49},"end":{"line":18,"column":6}},"11":{"start":{"line":20,"column":4},"end":{"line":35,"column":5}},"12":{"start":{"line":21,"column":6},"end":{"line":24,"column":null}},"13":{"start":{"line":26,"column":6},"end":{"line":34,"column":null}},"14":{"start":{"line":37,"column":4},"end":{"line":40,"column":null}},"15":{"start":{"line":42,"column":4},"end":{"line":42,"column":null}},"16":{"start":{"line":9,"column":13},"end":{"line":9,"column":26}},"17":{"start":{"line":46,"column":29},"end":{"line":61,"column":1}},"18":{"start":{"line":47,"column":2},"end":{"line":60,"column":3}},"19":{"start":{"line":48,"column":34},"end":{"line":51,"column":25}},"20":{"start":{"line":52,"column":4},"end":{"line":57,"column":null}},"21":{"start":{"line":59,"column":4},"end":{"line":59,"column":null}},"22":{"start":{"line":46,"column":13},"end":{"line":46,"column":29}},"23":{"start":{"line":63,"column":29},"end":{"line":76,"column":1}},"24":{"start":{"line":64,"column":17},"end":{"line":64,"column":27}},"25":{"start":{"line":66,"column":2},"end":{"line":75,"column":3}},"26":{"start":{"line":67,"column":4},"end":{"line":67,"column":null}},"27":{"start":{"line":69,"column":4},"end":{"line":72,"column":null}},"28":{"start":{"line":74,"column":4},"end":{"line":74,"column":null}},"29":{"start":{"line":63,"column":13},"end":{"line":63,"column":29}},"30":{"start":{"line":78,"column":32},"end":{"line":91,"column":1}},"31":{"start":{"line":79,"column":2},"end":{"line":90,"column":3}},"32":{"start":{"line":80,"column":4},"end":{"line":82,"column":null}},"33":{"start":{"line":84,"column":4},"end":{"line":87,"column":null}},"34":{"start":{"line":89,"column":4},"end":{"line":89,"column":null}},"35":{"start":{"line":78,"column":13},"end":{"line":78,"column":32}}},"fnMap":{"0":{"name":"(anonymous_1)","decl":{"start":{"line":9,"column":26},"end":{"line":9,"column":31}},"loc":{"start":{"line":9,"column":84},"end":{"line":44,"column":1}}},"1":{"name":"(anonymous_2)","decl":{"start":{"line":46,"column":29},"end":{"line":46,"column":34}},"loc":{"start":{"line":46,"column":87},"end":{"line":61,"column":1}}},"2":{"name":"(anonymous_3)","decl":{"start":{"line":63,"column":29},"end":{"line":63,"column":34}},"loc":{"start":{"line":63,"column":87},"end":{"line":76,"column":1}}},"3":{"name":"(anonymous_4)","decl":{"start":{"line":78,"column":32},"end":{"line":78,"column":37}},"loc":{"start":{"line":78,"column":90},"end":{"line":91,"column":1}}}},"branchMap":{"0":{"loc":{"start":{"line":13,"column":4},"end":{"line":13,"column":68}},"type":"if","locations":[{"start":{"line":13,"column":4},"end":{"line":13,"column":68}}]},"1":{"loc":{"start":{"line":20,"column":4},"end":{"line":35,"column":5}},"type":"if","locations":[{"start":{"line":20,"column":4},"end":{"line":35,"column":5}},{"start":{"line":25,"column":11},"end":{"line":35,"column":5}}]}},"s":{"0":1,"1":1,"2":1,"3":1,"4":0,"5":0,"6":0,"7":0,"8":0,"9":0,"10":0,"11":0,"12":0,"13":0,"14":0,"15":0,"16":1,"17":1,"18":0,"19":0,"20":0,"21":0,"22":1,"23":1,"24":0,"25":0,"26":0,"27":0,"28":0,"29":1,"30":1,"31":0,"32":0,"33":0,"34":0,"35":1},"f":{"0":0,"1":0,"2":0,"3":0},"b":{"0":[0],"1":[0,0]}}
,"D:\\belajar-web-program\\my-project\\Instagram-clone-rebuild\\backend\\src\\controllers\\post.ts": {"path":"D:\\belajar-web-program\\my-project\\Instagram-clone-rebuild\\backend\\src\\controllers\\post.ts","statementMap":{"0":{"start":{"line":3,"column":0},"end":{"line":3,"column":40}},"1":{"start":{"line":4,"column":0},"end":{"line":4,"column":40}},"2":{"start":{"line":6,"column":0},"end":{"line":6,"column":33}},"3":{"start":{"line":7,"column":0},"end":{"line":7,"column":33}},"4":{"start":{"line":9,"column":26},"end":{"line":44,"column":1}},"5":{"start":{"line":10,"column":44},"end":{"line":10,"column":52}},"6":{"start":{"line":12,"column":2},"end":{"line":43,"column":3}},"7":{"start":{"line":13,"column":17},"end":{"line":13,"column":25}},"8":{"start":{"line":14,"column":4},"end":{"line":14,"column":68}},"9":{"start":{"line":14,"column":17},"end":{"line":14,"column":59}},"10":{"start":{"line":14,"column":60},"end":{"line":14,"column":66}},"11":{"start":{"line":16,"column":18},"end":{"line":16,"column":46}},"12":{"start":{"line":17,"column":16},"end":{"line":17,"column":39}},"13":{"start":{"line":19,"column":25},"end":{"line":23,"column":6}},"14":{"start":{"line":25,"column":4},"end":{"line":30,"column":null}},"15":{"start":{"line":32,"column":25},"end":{"line":32,"column":78}},"16":{"start":{"line":33,"column":22},"end":{"line":33,"column":36}},"17":{"start":{"line":34,"column":4},"end":{"line":34,"column":null}},"18":{"start":{"line":35,"column":4},"end":{"line":35,"column":null}},"19":{"start":{"line":37,"column":4},"end":{"line":40,"column":null}},"20":{"start":{"line":42,"column":4},"end":{"line":42,"column":null}},"21":{"start":{"line":9,"column":13},"end":{"line":9,"column":26}},"22":{"start":{"line":46,"column":26},"end":{"line":75,"column":1}},"23":{"start":{"line":47,"column":28},"end":{"line":47,"column":37}},"24":{"start":{"line":48,"column":2},"end":{"line":74,"column":3}},"25":{"start":{"line":49,"column":43},"end":{"line":51,"column":null}},"26":{"start":{"line":52,"column":4},"end":{"line":54,"column":5}},"27":{"start":{"line":53,"column":6},"end":{"line":53,"column":null}},"28":{"start":{"line":55,"column":18},"end":{"line":60,"column":39}},"29":{"start":{"line":62,"column":21},"end":{"line":65,"column":6}},"30":{"start":{"line":63,"column":26},"end":{"line":63,"column":99}},"31":{"start":{"line":63,"column":52},"end":{"line":63,"column":99}},"32":{"start":{"line":64,"column":6},"end":{"line":64,"column":63}},"33":{"start":{"line":66,"column":4},"end":{"line":71,"column":null}},"34":{"start":{"line":73,"column":4},"end":{"line":73,"column":null}},"35":{"start":{"line":46,"column":13},"end":{"line":46,"column":26}},"36":{"start":{"line":77,"column":27},"end":{"line":97,"column":1}},"37":{"start":{"line":78,"column":17},"end":{"line":78,"column":27}},"38":{"start":{"line":80,"column":2},"end":{"line":96,"column":3}},"39":{"start":{"line":81,"column":18},"end":{"line":83,"column":95}},"40":{"start":{"line":85,"column":24},"end":{"line":85,"column":97}},"41":{"start":{"line":85,"column":50},"end":{"line":85,"column":97}},"42":{"start":{"line":86,"column":20},"end":{"line":86,"column":73}},"43":{"start":{"line":88,"column":4},"end":{"line":93,"column":null}},"44":{"start":{"line":95,"column":4},"end":{"line":95,"column":null}},"45":{"start":{"line":77,"column":13},"end":{"line":77,"column":27}},"46":{"start":{"line":99,"column":26},"end":{"line":114,"column":1}},"47":{"start":{"line":100,"column":17},"end":{"line":100,"column":27}},"48":{"start":{"line":102,"column":2},"end":{"line":113,"column":3}},"49":{"start":{"line":103,"column":17},"end":{"line":103,"column":40}},"50":{"start":{"line":104,"column":4},"end":{"line":104,"column":120}},"51":{"start":{"line":104,"column":64},"end":{"line":104,"column":111}},"52":{"start":{"line":104,"column":112},"end":{"line":104,"column":118}},"53":{"start":{"line":106,"column":4},"end":{"line":106,"column":null}},"54":{"start":{"line":107,"column":4},"end":{"line":110,"column":null}},"55":{"start":{"line":112,"column":4},"end":{"line":112,"column":null}},"56":{"start":{"line":99,"column":13},"end":{"line":99,"column":26}},"57":{"start":{"line":116,"column":26},"end":{"line":137,"column":1}},"58":{"start":{"line":117,"column":17},"end":{"line":117,"column":27}},"59":{"start":{"line":118,"column":22},"end":{"line":118,"column":30}},"60":{"start":{"line":120,"column":2},"end":{"line":136,"column":3}},"61":{"start":{"line":121,"column":4},"end":{"line":129,"column":null}},"62":{"start":{"line":130,"column":4},"end":{"line":133,"column":null}},"63":{"start":{"line":135,"column":4},"end":{"line":135,"column":null}},"64":{"start":{"line":116,"column":13},"end":{"line":116,"column":26}},"65":{"start":{"line":139,"column":24},"end":{"line":172,"column":1}},"66":{"start":{"line":140,"column":17},"end":{"line":140,"column":27}},"67":{"start":{"line":141,"column":2},"end":{"line":171,"column":3}},"68":{"start":{"line":142,"column":17},"end":{"line":142,"column":40}},"69":{"start":{"line":143,"column":20},"end":{"line":143,"column":33}},"70":{"start":{"line":145,"column":20},"end":{"line":145,"column":89}},"71":{"start":{"line":145,"column":44},"end":{"line":145,"column":89}},"72":{"start":{"line":147,"column":26},"end":{"line":147,"column":28}},"73":{"start":{"line":148,"column":4},"end":{"line":163,"column":5}},"74":{"start":{"line":149,"column":24},"end":{"line":149,"column":38}},"75":{"start":{"line":150,"column":6},"end":{"line":162,"column":7}},"76":{"start":{"line":151,"column":8},"end":{"line":151,"column":null}},"77":{"start":{"line":152,"column":8},"end":{"line":152,"column":null}},"78":{"start":{"line":153,"column":8},"end":{"line":153,"column":null}},"79":{"start":{"line":154,"column":8},"end":{"line":154,"column":null}},"80":{"start":{"line":158,"column":8},"end":{"line":158,"column":null}},"81":{"start":{"line":159,"column":8},"end":{"line":159,"column":null}},"82":{"start":{"line":160,"column":8},"end":{"line":160,"column":null}},"83":{"start":{"line":161,"column":8},"end":{"line":161,"column":null}},"84":{"start":{"line":165,"column":4},"end":{"line":168,"column":null}},"85":{"start":{"line":170,"column":4},"end":{"line":170,"column":null}},"86":{"start":{"line":139,"column":13},"end":{"line":139,"column":24}},"87":{"start":{"line":174,"column":27},"end":{"line":192,"column":1}},"88":{"start":{"line":175,"column":17},"end":{"line":175,"column":27}},"89":{"start":{"line":176,"column":2},"end":{"line":191,"column":3}},"90":{"start":{"line":177,"column":18},"end":{"line":177,"column":90}},"91":{"start":{"line":178,"column":18},"end":{"line":178,"column":30}},"92":{"start":{"line":180,"column":21},"end":{"line":183,"column":6}},"93":{"start":{"line":181,"column":28},"end":{"line":181,"column":151}},"94":{"start":{"line":181,"column":104},"end":{"line":181,"column":151}},"95":{"start":{"line":182,"column":6},"end":{"line":182,"column":67}},"96":{"start":{"line":185,"column":4},"end":{"line":188,"column":null}},"97":{"start":{"line":190,"column":4},"end":{"line":190,"column":null}},"98":{"start":{"line":174,"column":13},"end":{"line":174,"column":27}}},"fnMap":{"0":{"name":"(anonymous_1)","decl":{"start":{"line":9,"column":26},"end":{"line":9,"column":31}},"loc":{"start":{"line":9,"column":84},"end":{"line":44,"column":1}}},"1":{"name":"(anonymous_2)","decl":{"start":{"line":46,"column":26},"end":{"line":46,"column":31}},"loc":{"start":{"line":46,"column":84},"end":{"line":75,"column":1}}},"2":{"name":"(anonymous_3)","decl":{"start":{"line":62,"column":31},"end":{"line":62,"column":32}},"loc":{"start":{"line":62,"column":40},"end":{"line":65,"column":5}}},"3":{"name":"(anonymous_4)","decl":{"start":{"line":63,"column":44},"end":{"line":63,"column":45}},"loc":{"start":{"line":63,"column":51},"end":{"line":63,"column":99}}},"4":{"name":"(anonymous_5)","decl":{"start":{"line":77,"column":27},"end":{"line":77,"column":32}},"loc":{"start":{"line":77,"column":85},"end":{"line":97,"column":1}}},"5":{"name":"(anonymous_6)","decl":{"start":{"line":85,"column":42},"end":{"line":85,"column":43}},"loc":{"start":{"line":85,"column":49},"end":{"line":85,"column":97}}},"6":{"name":"(anonymous_7)","decl":{"start":{"line":99,"column":26},"end":{"line":99,"column":31}},"loc":{"start":{"line":99,"column":84},"end":{"line":114,"column":1}}},"7":{"name":"(anonymous_8)","decl":{"start":{"line":116,"column":26},"end":{"line":116,"column":31}},"loc":{"start":{"line":116,"column":84},"end":{"line":137,"column":1}}},"8":{"name":"(anonymous_9)","decl":{"start":{"line":139,"column":24},"end":{"line":139,"column":29}},"loc":{"start":{"line":139,"column":82},"end":{"line":172,"column":1}}},"9":{"name":"(anonymous_10)","decl":{"start":{"line":145,"column":34},"end":{"line":145,"column":35}},"loc":{"start":{"line":145,"column":43},"end":{"line":145,"column":89}}},"10":{"name":"(anonymous_11)","decl":{"start":{"line":174,"column":27},"end":{"line":174,"column":32}},"loc":{"start":{"line":174,"column":85},"end":{"line":192,"column":1}}},"11":{"name":"(anonymous_12)","decl":{"start":{"line":180,"column":31},"end":{"line":180,"column":32}},"loc":{"start":{"line":180,"column":40},"end":{"line":183,"column":5}}},"12":{"name":"(anonymous_13)","decl":{"start":{"line":181,"column":47},"end":{"line":181,"column":48}},"loc":{"start":{"line":181,"column":103},"end":{"line":181,"column":151}}}},"branchMap":{"0":{"loc":{"start":{"line":14,"column":4},"end":{"line":14,"column":68}},"type":"if","locations":[{"start":{"line":14,"column":4},"end":{"line":14,"column":68}}]},"1":{"loc":{"start":{"line":21,"column":19},"end":{"line":21,"column":52}},"type":"cond-expr","locations":[{"start":{"line":21,"column":37},"end":{"line":21,"column":43}},{"start":{"line":21,"column":46},"end":{"line":21,"column":52}}]},"2":{"loc":{"start":{"line":52,"column":4},"end":{"line":54,"column":5}},"type":"if","locations":[{"start":{"line":52,"column":4},"end":{"line":54,"column":5}}]},"3":{"loc":{"start":{"line":63,"column":74},"end":{"line":63,"column":98}},"type":"cond-expr","locations":[{"start":{"line":63,"column":86},"end":{"line":63,"column":88}},{"start":{"line":63,"column":86},"end":{"line":63,"column":98}}]},"4":{"loc":{"start":{"line":63,"column":74},"end":{"line":63,"column":88}},"type":"binary-expr","locations":[{"start":{"line":63,"column":74},"end":{"line":63,"column":88}},{"start":{"line":63,"column":86},"end":{"line":63,"column":88}}]},"5":{"loc":{"start":{"line":85,"column":72},"end":{"line":85,"column":96}},"type":"cond-expr","locations":[{"start":{"line":85,"column":84},"end":{"line":85,"column":86}},{"start":{"line":85,"column":84},"end":{"line":85,"column":96}}]},"6":{"loc":{"start":{"line":85,"column":72},"end":{"line":85,"column":86}},"type":"binary-expr","locations":[{"start":{"line":85,"column":72},"end":{"line":85,"column":86}},{"start":{"line":85,"column":84},"end":{"line":85,"column":86}}]},"7":{"loc":{"start":{"line":104,"column":4},"end":{"line":104,"column":120}},"type":"if","locations":[{"start":{"line":104,"column":4},"end":{"line":104,"column":120}}]},"8":{"loc":{"start":{"line":104,"column":8},"end":{"line":104,"column":31}},"type":"cond-expr","locations":[{"start":{"line":104,"column":12},"end":{"line":104,"column":14}},{"start":{"line":104,"column":8},"end":{"line":104,"column":31}}]},"9":{"loc":{"start":{"line":104,"column":8},"end":{"line":104,"column":14}},"type":"binary-expr","locations":[{"start":{"line":104,"column":8},"end":{"line":104,"column":14}},{"start":{"line":104,"column":8},"end":{"line":104,"column":14}}]},"10":{"loc":{"start":{"line":104,"column":36},"end":{"line":104,"column":60}},"type":"cond-expr","locations":[{"start":{"line":104,"column":48},"end":{"line":104,"column":50}},{"start":{"line":104,"column":48},"end":{"line":104,"column":60}}]},"11":{"loc":{"start":{"line":104,"column":36},"end":{"line":104,"column":50}},"type":"binary-expr","locations":[{"start":{"line":104,"column":36},"end":{"line":104,"column":50}},{"start":{"line":104,"column":48},"end":{"line":104,"column":50}}]},"12":{"loc":{"start":{"line":143,"column":20},"end":{"line":143,"column":33}},"type":"cond-expr","locations":[{"start":{"line":143,"column":24},"end":{"line":143,"column":26}},{"start":{"line":143,"column":20},"end":{"line":143,"column":33}}]},"13":{"loc":{"start":{"line":143,"column":20},"end":{"line":143,"column":26}},"type":"binary-expr","locations":[{"start":{"line":143,"column":20},"end":{"line":143,"column":26}},{"start":{"line":143,"column":20},"end":{"line":143,"column":26}}]},"14":{"loc":{"start":{"line":145,"column":20},"end":{"line":145,"column":89}},"type":"cond-expr","locations":[{"start":{"line":145,"column":27},"end":{"line":145,"column":29}},{"start":{"line":145,"column":20},"end":{"line":145,"column":89}}]},"15":{"loc":{"start":{"line":145,"column":20},"end":{"line":145,"column":29}},"type":"binary-expr","locations":[{"start":{"line":145,"column":20},"end":{"line":145,"column":29}},{"start":{"line":145,"column":20},"end":{"line":145,"column":29}}]},"16":{"loc":{"start":{"line":145,"column":64},"end":{"line":145,"column":88}},"type":"cond-expr","locations":[{"start":{"line":145,"column":76},"end":{"line":145,"column":78}},{"start":{"line":145,"column":76},"end":{"line":145,"column":88}}]},"17":{"loc":{"start":{"line":145,"column":64},"end":{"line":145,"column":78}},"type":"binary-expr","locations":[{"start":{"line":145,"column":64},"end":{"line":145,"column":78}},{"start":{"line":145,"column":76},"end":{"line":145,"column":78}}]},"18":{"loc":{"start":{"line":148,"column":4},"end":{"line":163,"column":5}},"type":"if","locations":[{"start":{"line":148,"column":4},"end":{"line":163,"column":5}}]},"19":{"loc":{"start":{"line":150,"column":6},"end":{"line":162,"column":7}},"type":"if","locations":[{"start":{"line":150,"column":6},"end":{"line":162,"column":7}},{"start":{"line":155,"column":13},"end":{"line":162,"column":7}}]},"20":{"loc":{"start":{"line":181,"column":126},"end":{"line":181,"column":150}},"type":"cond-expr","locations":[{"start":{"line":181,"column":138},"end":{"line":181,"column":140}},{"start":{"line":181,"column":138},"end":{"line":181,"column":150}}]},"21":{"loc":{"start":{"line":181,"column":126},"end":{"line":181,"column":140}},"type":"binary-expr","locations":[{"start":{"line":181,"column":126},"end":{"line":181,"column":140}},{"start":{"line":181,"column":138},"end":{"line":181,"column":140}}]}},"s":{"0":1,"1":1,"2":1,"3":1,"4":1,"5":0,"6":0,"7":0,"8":0,"9":0,"10":0,"11":0,"12":0,"13":0,"14":0,"15":0,"16":0,"17":0,"18":0,"19":0,"20":0,"21":1,"22":1,"23":0,"24":0,"25":0,"26":0,"27":0,"28":0,"29":0,"30":0,"31":0,"32":0,"33":0,"34":0,"35":1,"36":1,"37":0,"38":0,"39":0,"40":0,"41":0,"42":0,"43":0,"44":0,"45":1,"46":1,"47":0,"48":0,"49":0,"50":0,"51":0,"52":0,"53":0,"54":0,"55":0,"56":1,"57":1,"58":0,"59":0,"60":0,"61":0,"62":0,"63":0,"64":1,"65":1,"66":0,"67":0,"68":0,"69":0,"70":0,"71":0,"72":0,"73":0,"74":0,"75":0,"76":0,"77":0,"78":0,"79":0,"80":0,"81":0,"82":0,"83":0,"84":0,"85":0,"86":1,"87":1,"88":0,"89":0,"90":0,"91":0,"92":0,"93":0,"94":0,"95":0,"96":0,"97":0,"98":1},"f":{"0":0,"1":0,"2":0,"3":0,"4":0,"5":0,"6":0,"7":0,"8":0,"9":0,"10":0,"11":0,"12":0},"b":{"0":[0],"1":[0,0],"2":[0],"3":[0,0],"4":[0,0],"5":[0,0],"6":[0,0],"7":[0],"8":[0,0],"9":[0,0],"10":[0,0],"11":[0,0],"12":[0,0],"13":[0,0],"14":[0,0],"15":[0,0],"16":[0,0],"17":[0,0],"18":[0],"19":[0,0],"20":[0,0],"21":[0,0]}}
,"D:\\belajar-web-program\\my-project\\Instagram-clone-rebuild\\backend\\src\\controllers\\user.ts": {"path":"D:\\belajar-web-program\\my-project\\Instagram-clone-rebuild\\backend\\src\\controllers\\user.ts","statementMap":{"0":{"start":{"line":4,"column":0},"end":{"line":4,"column":33}},"1":{"start":{"line":5,"column":0},"end":{"line":5,"column":40}},"2":{"start":{"line":6,"column":0},"end":{"line":6,"column":40}},"3":{"start":{"line":9,"column":27},"end":{"line":51,"column":1}},"4":{"start":{"line":10,"column":35},"end":{"line":10,"column":44}},"5":{"start":{"line":11,"column":2},"end":{"line":50,"column":3}},"6":{"start":{"line":12,"column":24},"end":{"line":12,"column":29}},"7":{"start":{"line":13,"column":4},"end":{"line":17,"column":5}},"8":{"start":{"line":14,"column":6},"end":{"line":14,"column":null}},"9":{"start":{"line":16,"column":6},"end":{"line":16,"column":null}},"10":{"start":{"line":19,"column":42},"end":{"line":21,"column":null}},"11":{"start":{"line":23,"column":4},"end":{"line":26,"column":5}},"12":{"start":{"line":25,"column":6},"end":{"line":25,"column":null}},"13":{"start":{"line":28,"column":27},"end":{"line":29,"column":null}},"14":{"start":{"line":31,"column":21},"end":{"line":39,"column":null}},"15":{"start":{"line":33,"column":39},"end":{"line":33,"column":109}},"16":{"start":{"line":33,"column":66},"end":{"line":33,"column":109}},"17":{"start":{"line":34,"column":8},"end":{"line":34,"column":69}},"18":{"start":{"line":37,"column":8},"end":{"line":39,"column":null}},"19":{"start":{"line":42,"column":4},"end":{"line":47,"column":null}},"20":{"start":{"line":49,"column":4},"end":{"line":49,"column":null}},"21":{"start":{"line":9,"column":13},"end":{"line":9,"column":27}},"22":{"start":{"line":53,"column":27},"end":{"line":72,"column":1}},"23":{"start":{"line":54,"column":17},"end":{"line":54,"column":27}},"24":{"start":{"line":55,"column":2},"end":{"line":71,"column":3}},"25":{"start":{"line":56,"column":18},"end":{"line":57,"column":null}},"26":{"start":{"line":59,"column":26},"end":{"line":59,"column":96}},"27":{"start":{"line":59,"column":53},"end":{"line":59,"column":96}},"28":{"start":{"line":60,"column":4},"end":{"line":68,"column":null}},"29":{"start":{"line":70,"column":4},"end":{"line":70,"column":null}},"30":{"start":{"line":53,"column":13},"end":{"line":53,"column":27}},"31":{"start":{"line":74,"column":26},"end":{"line":116,"column":1}},"32":{"start":{"line":75,"column":18},"end":{"line":75,"column":26}},"33":{"start":{"line":76,"column":44},"end":{"line":76,"column":52}},"34":{"start":{"line":78,"column":2},"end":{"line":115,"column":3}},"35":{"start":{"line":79,"column":31},"end":{"line":79,"column":55}},"36":{"start":{"line":80,"column":25},"end":{"line":80,"column":57}},"37":{"start":{"line":81,"column":4},"end":{"line":81,"column":68}},"38":{"start":{"line":81,"column":17},"end":{"line":81,"column":59}},"39":{"start":{"line":81,"column":60},"end":{"line":81,"column":66}},"40":{"start":{"line":83,"column":4},"end":{"line":83,"column":126}},"41":{"start":{"line":83,"column":67},"end":{"line":83,"column":117}},"42":{"start":{"line":83,"column":118},"end":{"line":83,"column":124}},"43":{"start":{"line":85,"column":17},"end":{"line":85,"column":25}},"44":{"start":{"line":86,"column":25},"end":{"line":86,"column":27}},"45":{"start":{"line":87,"column":4},"end":{"line":99,"column":5}},"46":{"start":{"line":88,"column":20},"end":{"line":88,"column":48}},"47":{"start":{"line":89,"column":18},"end":{"line":89,"column":41}},"48":{"start":{"line":91,"column":28},"end":{"line":95,"column":8}},"49":{"start":{"line":96,"column":6},"end":{"line":96,"column":null}},"50":{"start":{"line":98,"column":6},"end":{"line":98,"column":null}},"51":{"start":{"line":101,"column":4},"end":{"line":101,"column":null}},"52":{"start":{"line":102,"column":4},"end":{"line":102,"column":null}},"53":{"start":{"line":103,"column":4},"end":{"line":103,"column":null}},"54":{"start":{"line":104,"column":4},"end":{"line":104,"column":null}},"55":{"start":{"line":105,"column":4},"end":{"line":105,"column":null}},"56":{"start":{"line":107,"column":4},"end":{"line":107,"column":null}},"57":{"start":{"line":109,"column":4},"end":{"line":112,"column":null}},"58":{"start":{"line":114,"column":4},"end":{"line":114,"column":null}},"59":{"start":{"line":74,"column":13},"end":{"line":74,"column":26}},"60":{"start":{"line":118,"column":30},"end":{"line":136,"column":1}},"61":{"start":{"line":119,"column":20},"end":{"line":119,"column":30}},"62":{"start":{"line":121,"column":2},"end":{"line":135,"column":3}},"63":{"start":{"line":122,"column":24},"end":{"line":123,"column":null}},"64":{"start":{"line":125,"column":4},"end":{"line":125,"column":68}},"65":{"start":{"line":125,"column":17},"end":{"line":125,"column":59}},"66":{"start":{"line":125,"column":60},"end":{"line":125,"column":66}},"67":{"start":{"line":127,"column":4},"end":{"line":132,"column":null}},"68":{"start":{"line":134,"column":4},"end":{"line":134,"column":null}},"69":{"start":{"line":118,"column":13},"end":{"line":118,"column":30}},"70":{"start":{"line":138,"column":26},"end":{"line":184,"column":1}},"71":{"start":{"line":139,"column":33},"end":{"line":139,"column":41}},"72":{"start":{"line":140,"column":31},"end":{"line":140,"column":41}},"73":{"start":{"line":142,"column":2},"end":{"line":183,"column":3}},"74":{"start":{"line":143,"column":24},"end":{"line":143,"column":58}},"75":{"start":{"line":144,"column":23},"end":{"line":144,"column":56}},"76":{"start":{"line":146,"column":4},"end":{"line":146,"column":90}},"77":{"start":{"line":146,"column":39},"end":{"line":146,"column":81}},"78":{"start":{"line":146,"column":82},"end":{"line":146,"column":88}},"79":{"start":{"line":147,"column":4},"end":{"line":147,"column":143}},"80":{"start":{"line":147,"column":68},"end":{"line":147,"column":134}},"81":{"start":{"line":147,"column":135},"end":{"line":147,"column":141}},"82":{"start":{"line":149,"column":26},"end":{"line":149,"column":109}},"83":{"start":{"line":149,"column":63},"end":{"line":149,"column":108}},"84":{"start":{"line":151,"column":18},"end":{"line":151,"column":20}},"85":{"start":{"line":152,"column":4},"end":{"line":176,"column":5}},"86":{"start":{"line":153,"column":6},"end":{"line":153,"column":null}},"87":{"start":{"line":154,"column":6},"end":{"line":154,"column":null}},"88":{"start":{"line":157,"column":6},"end":{"line":157,"column":null}},"89":{"start":{"line":158,"column":6},"end":{"line":158,"column":null}},"90":{"start":{"line":160,"column":6},"end":{"line":160,"column":null}},"91":{"start":{"line":161,"column":6},"end":{"line":161,"column":null}},"92":{"start":{"line":162,"column":6},"end":{"line":162,"column":null}},"93":{"start":{"line":165,"column":6},"end":{"line":165,"column":null}},"94":{"start":{"line":167,"column":6},"end":{"line":167,"column":null}},"95":{"start":{"line":170,"column":6},"end":{"line":170,"column":null}},"96":{"start":{"line":171,"column":6},"end":{"line":171,"column":null}},"97":{"start":{"line":173,"column":6},"end":{"line":173,"column":null}},"98":{"start":{"line":174,"column":6},"end":{"line":174,"column":null}},"99":{"start":{"line":175,"column":6},"end":{"line":175,"column":null}},"100":{"start":{"line":177,"column":4},"end":{"line":180,"column":null}},"101":{"start":{"line":182,"column":4},"end":{"line":182,"column":null}},"102":{"start":{"line":138,"column":13},"end":{"line":138,"column":26}}},"fnMap":{"0":{"name":"(anonymous_1)","decl":{"start":{"line":9,"column":27},"end":{"line":9,"column":32}},"loc":{"start":{"line":9,"column":85},"end":{"line":51,"column":1}}},"1":{"name":"(anonymous_2)","decl":{"start":{"line":32,"column":11},"end":{"line":32,"column":12}},"loc":{"start":{"line":32,"column":20},"end":{"line":35,"column":7}}},"2":{"name":"(anonymous_3)","decl":{"start":{"line":33,"column":58},"end":{"line":33,"column":59}},"loc":{"start":{"line":33,"column":65},"end":{"line":33,"column":109}}},"3":{"name":"(anonymous_4)","decl":{"start":{"line":36,"column":14},"end":{"line":36,"column":15}},"loc":{"start":{"line":36,"column":23},"end":{"line":39,"column":null}}},"4":{"name":"(anonymous_5)","decl":{"start":{"line":53,"column":27},"end":{"line":53,"column":32}},"loc":{"start":{"line":53,"column":85},"end":{"line":72,"column":1}}},"5":{"name":"(anonymous_6)","decl":{"start":{"line":59,"column":45},"end":{"line":59,"column":46}},"loc":{"start":{"line":59,"column":52},"end":{"line":59,"column":96}}},"6":{"name":"(anonymous_7)","decl":{"start":{"line":74,"column":26},"end":{"line":74,"column":31}},"loc":{"start":{"line":74,"column":84},"end":{"line":116,"column":1}}},"7":{"name":"(anonymous_8)","decl":{"start":{"line":118,"column":30},"end":{"line":118,"column":35}},"loc":{"start":{"line":118,"column":88},"end":{"line":136,"column":1}}},"8":{"name":"(anonymous_9)","decl":{"start":{"line":138,"column":26},"end":{"line":138,"column":31}},"loc":{"start":{"line":138,"column":84},"end":{"line":184,"column":1}}},"9":{"name":"(anonymous_10)","decl":{"start":{"line":149,"column":53},"end":{"line":149,"column":54}},"loc":{"start":{"line":149,"column":63},"end":{"line":149,"column":108}}}},"branchMap":{"0":{"loc":{"start":{"line":13,"column":4},"end":{"line":17,"column":5}},"type":"if","locations":[{"start":{"line":13,"column":4},"end":{"line":17,"column":5}},{"start":{"line":15,"column":11},"end":{"line":17,"column":5}}]},"1":{"loc":{"start":{"line":23,"column":4},"end":{"line":26,"column":5}},"type":"if","locations":[{"start":{"line":23,"column":4},"end":{"line":26,"column":5}}]},"2":{"loc":{"start":{"line":33,"column":84},"end":{"line":33,"column":108}},"type":"cond-expr","locations":[{"start":{"line":33,"column":96},"end":{"line":33,"column":98}},{"start":{"line":33,"column":96},"end":{"line":33,"column":108}}]},"3":{"loc":{"start":{"line":33,"column":84},"end":{"line":33,"column":98}},"type":"binary-expr","locations":[{"start":{"line":33,"column":84},"end":{"line":33,"column":98}},{"start":{"line":33,"column":96},"end":{"line":33,"column":98}}]},"4":{"loc":{"start":{"line":37,"column":8},"end":{"line":39,"column":null}},"type":"cond-expr","locations":[{"start":{"line":38,"column":12},"end":{"line":38,"column":92}},{"start":{"line":39,"column":12},"end":{"line":39,"column":null}}]},"5":{"loc":{"start":{"line":38,"column":12},"end":{"line":38,"column":92}},"type":"binary-expr","locations":[{"start":{"line":38,"column":12},"end":{"line":38,"column":64}},{"start":{"line":38,"column":64},"end":{"line":38,"column":92}}]},"6":{"loc":{"start":{"line":38,"column":36},"end":{"line":38,"column":60}},"type":"cond-expr","locations":[{"start":{"line":38,"column":48},"end":{"line":38,"column":50}},{"start":{"line":38,"column":48},"end":{"line":38,"column":60}}]},"7":{"loc":{"start":{"line":38,"column":36},"end":{"line":38,"column":50}},"type":"binary-expr","locations":[{"start":{"line":38,"column":36},"end":{"line":38,"column":50}},{"start":{"line":38,"column":48},"end":{"line":38,"column":50}}]},"8":{"loc":{"start":{"line":39,"column":36},"end":{"line":39,"column":60}},"type":"cond-expr","locations":[{"start":{"line":39,"column":48},"end":{"line":39,"column":50}},{"start":{"line":39,"column":48},"end":{"line":39,"column":60}}]},"9":{"loc":{"start":{"line":39,"column":36},"end":{"line":39,"column":50}},"type":"binary-expr","locations":[{"start":{"line":39,"column":36},"end":{"line":39,"column":50}},{"start":{"line":39,"column":48},"end":{"line":39,"column":50}}]},"10":{"loc":{"start":{"line":59,"column":71},"end":{"line":59,"column":95}},"type":"cond-expr","locations":[{"start":{"line":59,"column":83},"end":{"line":59,"column":85}},{"start":{"line":59,"column":83},"end":{"line":59,"column":95}}]},"11":{"loc":{"start":{"line":59,"column":71},"end":{"line":59,"column":85}},"type":"binary-expr","locations":[{"start":{"line":59,"column":71},"end":{"line":59,"column":85}},{"start":{"line":59,"column":83},"end":{"line":59,"column":85}}]},"12":{"loc":{"start":{"line":81,"column":4},"end":{"line":81,"column":68}},"type":"if","locations":[{"start":{"line":81,"column":4},"end":{"line":81,"column":68}}]},"13":{"loc":{"start":{"line":83,"column":4},"end":{"line":83,"column":126}},"type":"if","locations":[{"start":{"line":83,"column":4},"end":{"line":83,"column":126}}]},"14":{"loc":{"start":{"line":83,"column":8},"end":{"line":83,"column":63}},"type":"binary-expr","locations":[{"start":{"line":83,"column":8},"end":{"line":83,"column":20}},{"start":{"line":83,"column":24},"end":{"line":83,"column":63}}]},"15":{"loc":{"start":{"line":87,"column":4},"end":{"line":99,"column":5}},"type":"if","locations":[{"start":{"line":87,"column":4},"end":{"line":99,"column":5}},{"start":{"line":97,"column":11},"end":{"line":99,"column":5}}]},"16":{"loc":{"start":{"line":125,"column":4},"end":{"line":125,"column":68}},"type":"if","locations":[{"start":{"line":125,"column":4},"end":{"line":125,"column":68}}]},"17":{"loc":{"start":{"line":146,"column":4},"end":{"line":146,"column":90}},"type":"if","locations":[{"start":{"line":146,"column":4},"end":{"line":146,"column":90}}]},"18":{"loc":{"start":{"line":146,"column":8},"end":{"line":146,"column":35}},"type":"binary-expr","locations":[{"start":{"line":146,"column":8},"end":{"line":146,"column":20}},{"start":{"line":146,"column":24},"end":{"line":146,"column":35}}]},"19":{"loc":{"start":{"line":147,"column":4},"end":{"line":147,"column":143}},"type":"if","locations":[{"start":{"line":147,"column":4},"end":{"line":147,"column":143}}]},"20":{"loc":{"start":{"line":152,"column":4},"end":{"line":176,"column":5}},"type":"if","locations":[{"start":{"line":152,"column":4},"end":{"line":176,"column":5}},{"start":{"line":163,"column":11},"end":{"line":176,"column":5}}]}},"s":{"0":1,"1":1,"2":1,"3":1,"4":0,"5":0,"6":0,"7":0,"8":0,"9":0,"10":0,"11":0,"12":0,"13":0,"14":0,"15":0,"16":0,"17":0,"18":0,"19":0,"20":0,"21":1,"22":1,"23":0,"24":0,"25":0,"26":0,"27":0,"28":0,"29":0,"30":1,"31":1,"32":0,"33":0,"34":0,"35":0,"36":0,"37":0,"38":0,"39":0,"40":0,"41":0,"42":0,"43":0,"44":0,"45":0,"46":0,"47":0,"48":0,"49":0,"50":0,"51":0,"52":0,"53":0,"54":0,"55":0,"56":0,"57":0,"58":0,"59":1,"60":1,"61":0,"62":0,"63":0,"64":0,"65":0,"66":0,"67":0,"68":0,"69":1,"70":1,"71":0,"72":0,"73":0,"74":0,"75":0,"76":0,"77":0,"78":0,"79":0,"80":0,"81":0,"82":0,"83":0,"84":0,"85":0,"86":0,"87":0,"88":0,"89":0,"90":0,"91":0,"92":0,"93":0,"94":0,"95":0,"96":0,"97":0,"98":0,"99":0,"100":0,"101":0,"102":1},"f":{"0":0,"1":0,"2":0,"3":0,"4":0,"5":0,"6":0,"7":0,"8":0,"9":0},"b":{"0":[0,0],"1":[0],"2":[0,0],"3":[0,0],"4":[0,0],"5":[0,0],"6":[0,0],"7":[0,0],"8":[0,0],"9":[0,0],"10":[0,0],"11":[0,0],"12":[0],"13":[0],"14":[0,0],"15":[0,0],"16":[0],"17":[0],"18":[0,0],"19":[0],"20":[0,0]}}
,"D:\\belajar-web-program\\my-project\\Instagram-clone-rebuild\\backend\\src\\middleware\\authentication.ts": {"path":"D:\\belajar-web-program\\my-project\\Instagram-clone-rebuild\\backend\\src\\middleware\\authentication.ts","statementMap":{"0":{"start":{"line":3,"column":0},"end":{"line":3,"column":30}},"1":{"start":{"line":4,"column":0},"end":{"line":4,"column":40}},"2":{"start":{"line":5,"column":0},"end":{"line":5,"column":33}},"3":{"start":{"line":8,"column":23},"end":{"line":24,"column":1}},"4":{"start":{"line":9,"column":2},"end":{"line":23,"column":3}},"5":{"start":{"line":10,"column":24},"end":{"line":10,"column":49}},"6":{"start":{"line":11,"column":4},"end":{"line":11,"column":69}},"7":{"start":{"line":11,"column":24},"end":{"line":11,"column":60}},"8":{"start":{"line":11,"column":61},"end":{"line":11,"column":67}},"9":{"start":{"line":13,"column":18},"end":{"line":13,"column":43}},"10":{"start":{"line":14,"column":20},"end":{"line":14,"column":83}},"11":{"start":{"line":16,"column":31},"end":{"line":16,"column":63}},"12":{"start":{"line":17,"column":4},"end":{"line":17,"column":null}},"13":{"start":{"line":19,"column":4},"end":{"line":19,"column":null}},"14":{"start":{"line":22,"column":4},"end":{"line":22,"column":null}},"15":{"start":{"line":26,"column":0},"end":{"line":26,"column":null}}},"fnMap":{"0":{"name":"(anonymous_1)","decl":{"start":{"line":8,"column":23},"end":{"line":8,"column":28}},"loc":{"start":{"line":8,"column":81},"end":{"line":24,"column":1}}}},"branchMap":{"0":{"loc":{"start":{"line":11,"column":4},"end":{"line":11,"column":69}},"type":"if","locations":[{"start":{"line":11,"column":4},"end":{"line":11,"column":69}}]}},"s":{"0":1,"1":1,"2":1,"3":1,"4":3,"5":3,"6":3,"7":1,"8":1,"9":2,"10":2,"11":2,"12":1,"13":1,"14":1,"15":1},"f":{"0":3},"b":{"0":[1]}}
,"D:\\belajar-web-program\\my-project\\Instagram-clone-rebuild\\backend\\src\\middleware\\uploadFile.ts": {"path":"D:\\belajar-web-program\\my-project\\Instagram-clone-rebuild\\backend\\src\\middleware\\uploadFile.ts","statementMap":{"0":{"start":{"line":1,"column":0},"end":{"line":1,"column":44}},"1":{"start":{"line":3,"column":0},"end":{"line":3,"column":40}},"2":{"start":{"line":5,"column":24},"end":{"line":18,"column":1}},"3":{"start":{"line":6,"column":2},"end":{"line":17,"column":3}},"4":{"start":{"line":13,"column":4},"end":{"line":13,"column":null}},"5":{"start":{"line":16,"column":4},"end":{"line":16,"column":null}},"6":{"start":{"line":20,"column":23},"end":{"line":25,"column":2}},"7":{"start":{"line":27,"column":0},"end":{"line":27,"column":null}}},"fnMap":{"0":{"name":"(anonymous_1)","decl":{"start":{"line":5,"column":24},"end":{"line":5,"column":25}},"loc":{"start":{"line":5,"column":99},"end":{"line":18,"column":1}}}},"branchMap":{"0":{"loc":{"start":{"line":6,"column":2},"end":{"line":17,"column":3}},"type":"if","locations":[{"start":{"line":6,"column":2},"end":{"line":17,"column":3}},{"start":{"line":14,"column":9},"end":{"line":17,"column":3}}]},"1":{"loc":{"start":{"line":7,"column":4},"end":{"line":11,"column":34}},"type":"binary-expr","locations":[{"start":{"line":7,"column":4},"end":{"line":7,"column":33}},{"start":{"line":8,"column":4},"end":{"line":8,"column":33}},{"start":{"line":9,"column":4},"end":{"line":9,"column":34}},{"start":{"line":10,"column":4},"end":{"line":10,"column":33}},{"start":{"line":11,"column":4},"end":{"line":11,"column":34}}]}},"s":{"0":1,"1":1,"2":1,"3":0,"4":0,"5":0,"6":1,"7":1},"f":{"0":0},"b":{"0":[0,0],"1":[0,0,0,0,0]}}
,"D:\\belajar-web-program\\my-project\\Instagram-clone-rebuild\\backend\\src\\middleware\\validation.ts": {"path":"D:\\belajar-web-program\\my-project\\Instagram-clone-rebuild\\backend\\src\\middleware\\validation.ts","statementMap":{"0":{"start":{"line":2,"column":0},"end":{"line":2,"column":33}},"1":{"start":{"line":3,"column":0},"end":{"line":3,"column":40}},"2":{"start":{"line":5,"column":0},"end":{"line":5,"column":33}},"3":{"start":{"line":6,"column":0},"end":{"line":6,"column":45}},"4":{"start":{"line":8,"column":21},"end":{"line":31,"column":1}},"5":{"start":{"line":9,"column":2},"end":{"line":30,"column":3}},"6":{"start":{"line":10,"column":4},"end":{"line":15,"column":null}},"7":{"start":{"line":11,"column":21},"end":{"line":11,"column":31}},"8":{"start":{"line":12,"column":33},"end":{"line":12,"column":56}},"9":{"start":{"line":13,"column":6},"end":{"line":13,"column":70}},"10":{"start":{"line":13,"column":19},"end":{"line":13,"column":61}},"11":{"start":{"line":13,"column":62},"end":{"line":13,"column":68}},"12":{"start":{"line":14,"column":6},"end":{"line":14,"column":null}},"13":{"start":{"line":16,"column":9},"end":{"line":30,"column":3}},"14":{"start":{"line":17,"column":4},"end":{"line":22,"column":null}},"15":{"start":{"line":18,"column":21},"end":{"line":18,"column":31}},"16":{"start":{"line":19,"column":33},"end":{"line":19,"column":56}},"17":{"start":{"line":20,"column":6},"end":{"line":20,"column":70}},"18":{"start":{"line":20,"column":19},"end":{"line":20,"column":61}},"19":{"start":{"line":20,"column":62},"end":{"line":20,"column":68}},"20":{"start":{"line":21,"column":6},"end":{"line":21,"column":null}},"21":{"start":{"line":24,"column":4},"end":{"line":29,"column":null}},"22":{"start":{"line":25,"column":21},"end":{"line":25,"column":31}},"23":{"start":{"line":26,"column":39},"end":{"line":26,"column":65}},"24":{"start":{"line":27,"column":6},"end":{"line":27,"column":76}},"25":{"start":{"line":27,"column":22},"end":{"line":27,"column":67}},"26":{"start":{"line":27,"column":68},"end":{"line":27,"column":74}},"27":{"start":{"line":28,"column":6},"end":{"line":28,"column":null}},"28":{"start":{"line":33,"column":0},"end":{"line":33,"column":null}}},"fnMap":{"0":{"name":"(anonymous_1)","decl":{"start":{"line":8,"column":21},"end":{"line":8,"column":22}},"loc":{"start":{"line":8,"column":39},"end":{"line":31,"column":1}}},"1":{"name":"(anonymous_2)","decl":{"start":{"line":10,"column":11},"end":{"line":10,"column":16}},"loc":{"start":{"line":10,"column":69},"end":{"line":15,"column":5}}},"2":{"name":"(anonymous_3)","decl":{"start":{"line":17,"column":11},"end":{"line":17,"column":16}},"loc":{"start":{"line":17,"column":69},"end":{"line":22,"column":5}}},"3":{"name":"(anonymous_4)","decl":{"start":{"line":24,"column":11},"end":{"line":24,"column":16}},"loc":{"start":{"line":24,"column":69},"end":{"line":29,"column":5}}}},"branchMap":{"0":{"loc":{"start":{"line":9,"column":2},"end":{"line":30,"column":3}},"type":"if","locations":[{"start":{"line":9,"column":2},"end":{"line":30,"column":3}},{"start":{"line":16,"column":9},"end":{"line":30,"column":3}}]},"1":{"loc":{"start":{"line":13,"column":6},"end":{"line":13,"column":70}},"type":"if","locations":[{"start":{"line":13,"column":6},"end":{"line":13,"column":70}}]},"2":{"loc":{"start":{"line":16,"column":9},"end":{"line":30,"column":3}},"type":"if","locations":[{"start":{"line":16,"column":9},"end":{"line":30,"column":3}},{"start":{"line":23,"column":9},"end":{"line":30,"column":3}}]},"3":{"loc":{"start":{"line":20,"column":6},"end":{"line":20,"column":70}},"type":"if","locations":[{"start":{"line":20,"column":6},"end":{"line":20,"column":70}}]},"4":{"loc":{"start":{"line":27,"column":6},"end":{"line":27,"column":76}},"type":"if","locations":[{"start":{"line":27,"column":6},"end":{"line":27,"column":76}}]}},"s":{"0":1,"1":1,"2":1,"3":1,"4":1,"5":10,"6":2,"7":0,"8":0,"9":0,"10":0,"11":0,"12":0,"13":8,"14":7,"15":0,"16":0,"17":0,"18":0,"19":0,"20":0,"21":1,"22":0,"23":0,"24":0,"25":0,"26":0,"27":0,"28":1},"f":{"0":10,"1":0,"2":0,"3":0},"b":{"0":[2,8],"1":[0],"2":[7,1],"3":[0],"4":[0]}}
,"D:\\belajar-web-program\\my-project\\Instagram-clone-rebuild\\backend\\src\\models\\comment.ts": {"path":"D:\\belajar-web-program\\my-project\\Instagram-clone-rebuild\\backend\\src\\models\\comment.ts","statementMap":{"0":{"start":{"line":1,"column":0},"end":{"line":1,"column":43}},"1":{"start":{"line":4,"column":22},"end":{"line":33,"column":null}},"2":{"start":{"line":36,"column":16},"end":{"line":36,"column":66}},"3":{"start":{"line":38,"column":0},"end":{"line":38,"column":null}}},"fnMap":{},"branchMap":{"0":{"loc":{"start":{"line":21,"column":6},"end":{"line":29,"column":13}},"type":"binary-expr","locations":[{"start":{"line":21,"column":6},"end":{"line":29,"column":11}},{"start":{"line":29,"column":11},"end":{"line":29,"column":13}}]}},"s":{"0":1,"1":1,"2":1,"3":1},"f":{},"b":{"0":[1,0]}}
,"D:\\belajar-web-program\\my-project\\Instagram-clone-rebuild\\backend\\src\\models\\historySearch.ts": {"path":"D:\\belajar-web-program\\my-project\\Instagram-clone-rebuild\\backend\\src\\models\\historySearch.ts","statementMap":{"0":{"start":{"line":1,"column":0},"end":{"line":1,"column":43}},"1":{"start":{"line":4,"column":22},"end":{"line":19,"column":null}},"2":{"start":{"line":22,"column":16},"end":{"line":22,"column":66}},"3":{"start":{"line":24,"column":0},"end":{"line":24,"column":null}}},"fnMap":{},"branchMap":{},"s":{"0":1,"1":1,"2":1,"3":1},"f":{},"b":{}}
,"D:\\belajar-web-program\\my-project\\Instagram-clone-rebuild\\backend\\src\\models\\post.ts": {"path":"D:\\belajar-web-program\\my-project\\Instagram-clone-rebuild\\backend\\src\\models\\post.ts","statementMap":{"0":{"start":{"line":1,"column":0},"end":{"line":1,"column":43}},"1":{"start":{"line":4,"column":19},"end":{"line":41,"column":null}},"2":{"start":{"line":44,"column":13},"end":{"line":44,"column":47}},"3":{"start":{"line":46,"column":0},"end":{"line":46,"column":null}}},"fnMap":{},"branchMap":{},"s":{"0":1,"1":1,"2":1,"3":1},"f":{},"b":{}}
,"D:\\belajar-web-program\\my-project\\Instagram-clone-rebuild\\backend\\src\\models\\user.ts": {"path":"D:\\belajar-web-program\\my-project\\Instagram-clone-rebuild\\backend\\src\\models\\user.ts","statementMap":{"0":{"start":{"line":1,"column":0},"end":{"line":1,"column":43}},"1":{"start":{"line":4,"column":19},"end":{"line":83,"column":null}},"2":{"start":{"line":86,"column":13},"end":{"line":86,"column":54}},"3":{"start":{"line":88,"column":0},"end":{"line":88,"column":null}}},"fnMap":{},"branchMap":{"0":{"loc":{"start":{"line":69,"column":12},"end":{"line":69,"column":26}},"type":"binary-expr","locations":[{"start":{"line":69,"column":12},"end":{"line":69,"column":18}},{"start":{"line":69,"column":22},"end":{"line":69,"column":26}}]},"1":{"loc":{"start":{"line":76,"column":12},"end":{"line":76,"column":26}},"type":"binary-expr","locations":[{"start":{"line":76,"column":12},"end":{"line":76,"column":18}},{"start":{"line":76,"column":22},"end":{"line":76,"column":26}}]}},"s":{"0":1,"1":1,"2":1,"3":1},"f":{},"b":{"0":[1,0],"1":[1,0]}}
,"D:\\belajar-web-program\\my-project\\Instagram-clone-rebuild\\backend\\src\\routes\\auth.ts": {"path":"D:\\belajar-web-program\\my-project\\Instagram-clone-rebuild\\backend\\src\\routes\\auth.ts","statementMap":{"0":{"start":{"line":1,"column":0},"end":{"line":1,"column":29}},"1":{"start":{"line":2,"column":0},"end":{"line":2,"column":57}},"2":{"start":{"line":3,"column":0},"end":{"line":3,"column":101}},"3":{"start":{"line":5,"column":15},"end":{"line":5,"column":31}},"4":{"start":{"line":7,"column":0},"end":{"line":7,"column":null}},"5":{"start":{"line":8,"column":0},"end":{"line":8,"column":null}},"6":{"start":{"line":9,"column":0},"end":{"line":9,"column":null}},"7":{"start":{"line":10,"column":0},"end":{"line":10,"column":null}},"8":{"start":{"line":11,"column":0},"end":{"line":11,"column":null}},"9":{"start":{"line":13,"column":19},"end":{"line":13,"column":25}},"10":{"start":{"line":14,"column":0},"end":{"line":14,"column":null}}},"fnMap":{},"branchMap":{},"s":{"0":1,"1":1,"2":1,"3":1,"4":1,"5":1,"6":1,"7":1,"8":1,"9":1,"10":1},"f":{},"b":{}}
,"D:\\belajar-web-program\\my-project\\Instagram-clone-rebuild\\backend\\src\\routes\\comment.ts": {"path":"D:\\belajar-web-program\\my-project\\Instagram-clone-rebuild\\backend\\src\\routes\\comment.ts","statementMap":{"0":{"start":{"line":1,"column":0},"end":{"line":1,"column":29}},"1":{"start":{"line":2,"column":0},"end":{"line":2,"column":57}},"2":{"start":{"line":3,"column":0},"end":{"line":3,"column":51}},"3":{"start":{"line":4,"column":0},"end":{"line":4,"column":84}},"4":{"start":{"line":6,"column":15},"end":{"line":6,"column":31}},"5":{"start":{"line":8,"column":0},"end":{"line":8,"column":null}},"6":{"start":{"line":9,"column":0},"end":{"line":9,"column":null}},"7":{"start":{"line":10,"column":0},"end":{"line":10,"column":null}},"8":{"start":{"line":12,"column":22},"end":{"line":12,"column":28}},"9":{"start":{"line":13,"column":0},"end":{"line":13,"column":null}}},"fnMap":{},"branchMap":{},"s":{"0":1,"1":1,"2":1,"3":1,"4":1,"5":1,"6":1,"7":1,"8":1,"9":1},"f":{},"b":{}}
,"D:\\belajar-web-program\\my-project\\Instagram-clone-rebuild\\backend\\src\\routes\\historySearch.ts": {"path":"D:\\belajar-web-program\\my-project\\Instagram-clone-rebuild\\backend\\src\\routes\\historySearch.ts","statementMap":{"0":{"start":{"line":1,"column":0},"end":{"line":1,"column":29}},"1":{"start":{"line":2,"column":0},"end":{"line":2,"column":57}},"2":{"start":{"line":3,"column":0},"end":{"line":3,"column":105}},"3":{"start":{"line":4,"column":0},"end":{"line":4,"column":51}},"4":{"start":{"line":6,"column":15},"end":{"line":6,"column":31}},"5":{"start":{"line":8,"column":0},"end":{"line":8,"column":null}},"6":{"start":{"line":9,"column":0},"end":{"line":9,"column":null}},"7":{"start":{"line":10,"column":0},"end":{"line":10,"column":null}},"8":{"start":{"line":11,"column":0},"end":{"line":11,"column":null}},"9":{"start":{"line":13,"column":22},"end":{"line":13,"column":28}},"10":{"start":{"line":14,"column":0},"end":{"line":14,"column":null}}},"fnMap":{},"branchMap":{},"s":{"0":1,"1":1,"2":1,"3":1,"4":1,"5":1,"6":1,"7":1,"8":1,"9":1,"10":1},"f":{},"b":{}}
,"D:\\belajar-web-program\\my-project\\Instagram-clone-rebuild\\backend\\src\\routes\\post.ts": {"path":"D:\\belajar-web-program\\my-project\\Instagram-clone-rebuild\\backend\\src\\routes\\post.ts","statementMap":{"0":{"start":{"line":1,"column":0},"end":{"line":1,"column":29}},"1":{"start":{"line":2,"column":0},"end":{"line":2,"column":57}},"2":{"start":{"line":3,"column":0},"end":{"line":3,"column":45}},"3":{"start":{"line":4,"column":0},"end":{"line":4,"column":51}},"4":{"start":{"line":5,"column":0},"end":{"line":5,"column":120}},"5":{"start":{"line":7,"column":15},"end":{"line":7,"column":31}},"6":{"start":{"line":9,"column":0},"end":{"line":9,"column":null}},"7":{"start":{"line":10,"column":0},"end":{"line":10,"column":null}},"8":{"start":{"line":12,"column":0},"end":{"line":12,"column":null}},"9":{"start":{"line":13,"column":0},"end":{"line":13,"column":null}},"10":{"start":{"line":14,"column":0},"end":{"line":14,"column":null}},"11":{"start":{"line":15,"column":0},"end":{"line":15,"column":null}},"12":{"start":{"line":16,"column":0},"end":{"line":16,"column":null}},"13":{"start":{"line":18,"column":19},"end":{"line":18,"column":25}},"14":{"start":{"line":19,"column":0},"end":{"line":19,"column":null}}},"fnMap":{},"branchMap":{},"s":{"0":1,"1":1,"2":1,"3":1,"4":1,"5":1,"6":1,"7":1,"8":1,"9":1,"10":1,"11":1,"12":1,"13":1,"14":1},"f":{},"b":{}}
,"D:\\belajar-web-program\\my-project\\Instagram-clone-rebuild\\backend\\src\\routes\\user.ts": {"path":"D:\\belajar-web-program\\my-project\\Instagram-clone-rebuild\\backend\\src\\routes\\user.ts","statementMap":{"0":{"start":{"line":1,"column":0},"end":{"line":1,"column":29}},"1":{"start":{"line":2,"column":0},"end":{"line":2,"column":57}},"2":{"start":{"line":3,"column":0},"end":{"line":3,"column":102}},"3":{"start":{"line":4,"column":0},"end":{"line":4,"column":45}},"4":{"start":{"line":5,"column":0},"end":{"line":5,"column":51}},"5":{"start":{"line":7,"column":15},"end":{"line":7,"column":31}},"6":{"start":{"line":9,"column":0},"end":{"line":9,"column":null}},"7":{"start":{"line":10,"column":0},"end":{"line":10,"column":null}},"8":{"start":{"line":11,"column":0},"end":{"line":11,"column":null}},"9":{"start":{"line":12,"column":0},"end":{"line":12,"column":null}},"10":{"start":{"line":13,"column":0},"end":{"line":13,"column":null}},"11":{"start":{"line":15,"column":19},"end":{"line":15,"column":25}},"12":{"start":{"line":16,"column":0},"end":{"line":16,"column":null}}},"fnMap":{},"branchMap":{},"s":{"0":1,"1":1,"2":1,"3":1,"4":1,"5":1,"6":1,"7":1,"8":1,"9":1,"10":1,"11":1,"12":1},"f":{},"b":{}}
,"D:\\belajar-web-program\\my-project\\Instagram-clone-rebuild\\backend\\src\\utils\\apiError.ts": {"path":"D:\\belajar-web-program\\my-project\\Instagram-clone-rebuild\\backend\\src\\utils\\apiError.ts","statementMap":{"0":{"start":{"line":6,"column":4},"end":{"line":6,"column":null}},"1":{"start":{"line":8,"column":4},"end":{"line":8,"column":null}},"2":{"start":{"line":9,"column":4},"end":{"line":9,"column":null}},"3":{"start":{"line":11,"column":4},"end":{"line":11,"column":null}},"4":{"start":{"line":15,"column":0},"end":{"line":15,"column":null}}},"fnMap":{"0":{"name":"(anonymous_0)","decl":{"start":{"line":5,"column":2},"end":{"line":5,"column":15}},"loc":{"start":{"line":5,"column":50},"end":{"line":12,"column":3}}}},"branchMap":{"0":{"loc":{"start":{"line":9,"column":18},"end":{"line":9,"column":70}},"type":"cond-expr","locations":[{"start":{"line":9,"column":52},"end":{"line":9,"column":60}},{"start":{"line":9,"column":63},"end":{"line":9,"column":70}}]}},"s":{"0":10,"1":10,"2":10,"3":10,"4":1},"f":{"0":10},"b":{"0":[5,5]}}
,"D:\\belajar-web-program\\my-project\\Instagram-clone-rebuild\\backend\\src\\utils\\imagekit.ts": {"path":"D:\\belajar-web-program\\my-project\\Instagram-clone-rebuild\\backend\\src\\utils\\imagekit.ts","statementMap":{"0":{"start":{"line":2,"column":0},"end":{"line":2,"column":31}},"1":{"start":{"line":3,"column":0},"end":{"line":3,"column":27}},"2":{"start":{"line":4,"column":0},"end":{"line":4,"column":null}},"3":{"start":{"line":6,"column":17},"end":{"line":10,"column":2}},"4":{"start":{"line":12,"column":0},"end":{"line":12,"column":null}}},"fnMap":{},"branchMap":{},"s":{"0":1,"1":1,"2":1,"3":1,"4":1},"f":{},"b":{}}
}
