{"D:\\belajar-web-program\\my-project\\Instagram-clone-rebuild\\backend\\src\\app.ts": {"path":"D:\\belajar-web-program\\my-project\\Instagram-clone-rebuild\\backend\\src\\app.ts","statementMap":{"0":{"start":{"line":1,"column":0},"end":{"line":1,"column":43}},"1":{"start":{"line":2,"column":0},"end":{"line":2,"column":24}},"2":{"start":{"line":3,"column":0},"end":{"line":3,"column":28}},"3":{"start":{"line":4,"column":0},"end":{"line":4,"column":41}},"4":{"start":{"line":5,"column":0},"end":{"line":5,"column":54}},"5":{"start":{"line":6,"column":0},"end":{"line":6,"column":40}},"6":{"start":{"line":7,"column":0},"end":{"line":7,"column":39}},"7":{"start":{"line":8,"column":0},"end":{"line":8,"column":39}},"8":{"start":{"line":9,"column":0},"end":{"line":9,"column":39}},"9":{"start":{"line":10,"column":0},"end":{"line":10,"column":51}},"10":{"start":{"line":11,"column":0},"end":{"line":11,"column":45}},"11":{"start":{"line":13,"column":21},"end":{"line":13,"column":30}},"12":{"start":{"line":15,"column":0},"end":{"line":15,"column":16}},"13":{"start":{"line":16,"column":0},"end":{"line":16,"column":24}},"14":{"start":{"line":17,"column":0},"end":{"line":17,"column":23}},"15":{"start":{"line":19,"column":0},"end":{"line":19,"column":24}},"16":{"start":{"line":21,"column":0},"end":{"line":21,"column":37}},"17":{"start":{"line":22,"column":0},"end":{"line":22,"column":37}},"18":{"start":{"line":23,"column":0},"end":{"line":23,"column":37}},"19":{"start":{"line":24,"column":0},"end":{"line":24,"column":43}},"20":{"start":{"line":25,"column":0},"end":{"line":25,"column":44}},"21":{"start":{"line":27,"column":0},"end":{"line":29,"column":3}},"22":{"start":{"line":28,"column":2},"end":{"line":28,"column":51}},"23":{"start":{"line":30,"column":0},"end":{"line":30,"column":22}},"24":{"start":{"line":32,"column":0},"end":{"line":32,"column":19}}},"fnMap":{"0":{"name":"(anonymous_1)","decl":{"start":{"line":27,"column":13},"end":{"line":27,"column":14}},"loc":{"start":{"line":27,"column":32},"end":{"line":29,"column":1}}}},"branchMap":{},"s":{"0":1,"1":1,"2":1,"3":1,"4":1,"5":1,"6":1,"7":1,"8":1,"9":1,"10":1,"11":1,"12":1,"13":1,"14":1,"15":1,"16":1,"17":1,"18":1,"19":1,"20":1,"21":1,"22":0,"23":1,"24":1},"f":{"0":0},"b":{}}
,"D:\\belajar-web-program\\my-project\\Instagram-clone-rebuild\\backend\\src\\controllers\\auth.ts": {"path":"D:\\belajar-web-program\\my-project\\Instagram-clone-rebuild\\backend\\src\\controllers\\auth.ts","statementMap":{"0":{"start":{"line":2,"column":0},"end":{"line":2,"column":28}},"1":{"start":{"line":3,"column":0},"end":{"line":3,"column":31}},"2":{"start":{"line":5,"column":0},"end":{"line":5,"column":41}},"3":{"start":{"line":6,"column":0},"end":{"line":6,"column":34}},"4":{"start":{"line":9,"column":24},"end":{"line":32,"column":2}},"5":{"start":{"line":9,"column":82},"end":{"line":32,"column":2}},"6":{"start":{"line":10,"column":54},"end":{"line":10,"column":62}},"7":{"start":{"line":11,"column":2},"end":{"line":31,"column":null}},"8":{"start":{"line":12,"column":31},"end":{"line":12,"column":60}},"9":{"start":{"line":13,"column":39},"end":{"line":13,"column":71}},"10":{"start":{"line":14,"column":4},"end":{"line":14,"column":73}},"11":{"start":{"line":14,"column":14},"end":{"line":14,"column":73}},"12":{"start":{"line":15,"column":4},"end":{"line":15,"column":79}},"13":{"start":{"line":15,"column":22},"end":{"line":15,"column":79}},"14":{"start":{"line":17,"column":27},"end":{"line":17,"column":58}},"15":{"start":{"line":19,"column":27},"end":{"line":23,"column":6}},"16":{"start":{"line":25,"column":4},"end":{"line":28,"column":7}},"17":{"start":{"line":30,"column":4},"end":{"line":30,"column":43}},"18":{"start":{"line":9,"column":13},"end":{"line":9,"column":24}},"19":{"start":{"line":34,"column":35},"end":{"line":74,"column":2}},"20":{"start":{"line":34,"column":93},"end":{"line":74,"column":2}},"21":{"start":{"line":35,"column":67},"end":{"line":35,"column":75}},"22":{"start":{"line":36,"column":2},"end":{"line":73,"column":null}},"23":{"start":{"line":37,"column":31},"end":{"line":37,"column":60}},"24":{"start":{"line":38,"column":4},"end":{"line":38,"column":64}},"25":{"start":{"line":38,"column":15},"end":{"line":38,"column":64}},"26":{"start":{"line":40,"column":18},"end":{"line":40,"column":63}},"27":{"start":{"line":41,"column":4},"end":{"line":41,"column":65}},"28":{"start":{"line":41,"column":16},"end":{"line":41,"column":65}},"29":{"start":{"line":43,"column":20},"end":{"line":47,"column":6}},"30":{"start":{"line":49,"column":24},"end":{"line":51,"column":6}},"31":{"start":{"line":53,"column":25},"end":{"line":55,"column":6}},"32":{"start":{"line":57,"column":4},"end":{"line":57,"column":37}},"33":{"start":{"line":58,"column":4},"end":{"line":58,"column":22}},"34":{"start":{"line":59,"column":4},"end":{"line":59,"column":45}},"35":{"start":{"line":61,"column":4},"end":{"line":70,"column":7}},"36":{"start":{"line":72,"column":4},"end":{"line":72,"column":43}},"37":{"start":{"line":34,"column":13},"end":{"line":34,"column":35}},"38":{"start":{"line":76,"column":31},"end":{"line":125,"column":2}},"39":{"start":{"line":76,"column":89},"end":{"line":125,"column":2}},"40":{"start":{"line":77,"column":103},"end":{"line":77,"column":111}},"41":{"start":{"line":79,"column":2},"end":{"line":124,"column":null}},"42":{"start":{"line":80,"column":31},"end":{"line":80,"column":60}},"43":{"start":{"line":82,"column":34},"end":{"line":82,"column":38}},"44":{"start":{"line":83,"column":21},"end":{"line":83,"column":40}},"45":{"start":{"line":85,"column":4},"end":{"line":94,"column":null}},"46":{"start":{"line":86,"column":6},"end":{"line":93,"column":9}},"47":{"start":{"line":96,"column":20},"end":{"line":100,"column":6}},"48":{"start":{"line":102,"column":24},"end":{"line":104,"column":6}},"49":{"start":{"line":106,"column":25},"end":{"line":108,"column":6}},"50":{"start":{"line":110,"column":4},"end":{"line":110,"column":43}},"51":{"start":{"line":111,"column":4},"end":{"line":111,"column":28}},"52":{"start":{"line":113,"column":4},"end":{"line":113,"column":45}},"53":{"start":{"line":115,"column":4},"end":{"line":121,"column":7}},"54":{"start":{"line":123,"column":4},"end":{"line":123,"column":43}},"55":{"start":{"line":76,"column":13},"end":{"line":76,"column":31}},"56":{"start":{"line":127,"column":22},"end":{"line":149,"column":2}},"57":{"start":{"line":127,"column":80},"end":{"line":149,"column":2}},"58":{"start":{"line":128,"column":2},"end":{"line":148,"column":null}},"59":{"start":{"line":129,"column":25},"end":{"line":129,"column":49}},"60":{"start":{"line":130,"column":4},"end":{"line":130,"column":50}},"61":{"start":{"line":130,"column":23},"end":{"line":130,"column":50}},"62":{"start":{"line":132,"column":31},"end":{"line":134,"column":6}},"63":{"start":{"line":136,"column":4},"end":{"line":136,"column":42}},"64":{"start":{"line":136,"column":15},"end":{"line":136,"column":42}},"65":{"start":{"line":138,"column":4},"end":{"line":138,"column":27}},"66":{"start":{"line":139,"column":4},"end":{"line":139,"column":22}},"67":{"start":{"line":141,"column":4},"end":{"line":141,"column":36}},"68":{"start":{"line":142,"column":4},"end":{"line":145,"column":7}},"69":{"start":{"line":147,"column":4},"end":{"line":147,"column":43}},"70":{"start":{"line":127,"column":13},"end":{"line":127,"column":22}},"71":{"start":{"line":151,"column":23},"end":{"line":163,"column":2}},"72":{"start":{"line":151,"column":81},"end":{"line":163,"column":2}},"73":{"start":{"line":152,"column":2},"end":{"line":162,"column":null}},"74":{"start":{"line":153,"column":24},"end":{"line":153,"column":138}},"75":{"start":{"line":154,"column":4},"end":{"line":159,"column":7}},"76":{"start":{"line":161,"column":4},"end":{"line":161,"column":43}},"77":{"start":{"line":151,"column":13},"end":{"line":151,"column":23}}},"fnMap":{"0":{"name":"(anonymous_8)","decl":{"start":{"line":9,"column":24},"end":{"line":9,"column":31}},"loc":{"start":{"line":9,"column":82},"end":{"line":32,"column":2}}},"1":{"name":"(anonymous_9)","decl":{"start":{"line":9,"column":82},"end":{"line":9,"column":null}},"loc":{"start":{"line":9,"column":82},"end":{"line":32,"column":1}}},"2":{"name":"(anonymous_10)","decl":{"start":{"line":34,"column":35},"end":{"line":34,"column":42}},"loc":{"start":{"line":34,"column":93},"end":{"line":74,"column":2}}},"3":{"name":"(anonymous_11)","decl":{"start":{"line":34,"column":93},"end":{"line":34,"column":null}},"loc":{"start":{"line":34,"column":93},"end":{"line":74,"column":1}}},"4":{"name":"(anonymous_12)","decl":{"start":{"line":76,"column":31},"end":{"line":76,"column":38}},"loc":{"start":{"line":76,"column":89},"end":{"line":125,"column":2}}},"5":{"name":"(anonymous_13)","decl":{"start":{"line":76,"column":89},"end":{"line":76,"column":null}},"loc":{"start":{"line":76,"column":89},"end":{"line":125,"column":1}}},"6":{"name":"(anonymous_14)","decl":{"start":{"line":127,"column":22},"end":{"line":127,"column":29}},"loc":{"start":{"line":127,"column":80},"end":{"line":149,"column":2}}},"7":{"name":"(anonymous_15)","decl":{"start":{"line":127,"column":80},"end":{"line":127,"column":null}},"loc":{"start":{"line":127,"column":80},"end":{"line":149,"column":1}}},"8":{"name":"(anonymous_16)","decl":{"start":{"line":151,"column":23},"end":{"line":151,"column":30}},"loc":{"start":{"line":151,"column":81},"end":{"line":163,"column":2}}},"9":{"name":"(anonymous_17)","decl":{"start":{"line":151,"column":81},"end":{"line":151,"column":null}},"loc":{"start":{"line":151,"column":81},"end":{"line":163,"column":1}}}},"branchMap":{"0":{"loc":{"start":{"line":14,"column":4},"end":{"line":14,"column":73}},"type":"if","locations":[{"start":{"line":14,"column":4},"end":{"line":14,"column":73}}]},"1":{"loc":{"start":{"line":15,"column":4},"end":{"line":15,"column":79}},"type":"if","locations":[{"start":{"line":15,"column":4},"end":{"line":15,"column":79}}]},"2":{"loc":{"start":{"line":38,"column":4},"end":{"line":38,"column":64}},"type":"if","locations":[{"start":{"line":38,"column":4},"end":{"line":38,"column":64}}]},"3":{"loc":{"start":{"line":41,"column":4},"end":{"line":41,"column":65}},"type":"if","locations":[{"start":{"line":41,"column":4},"end":{"line":41,"column":65}}]},"4":{"loc":{"start":{"line":85,"column":4},"end":{"line":94,"column":null}},"type":"if","locations":[{"start":{"line":85,"column":4},"end":{"line":94,"column":null}}]},"5":{"loc":{"start":{"line":97,"column":11},"end":{"line":97,"column":25}},"type":"cond-expr","locations":[{"start":{"line":97,"column":20},"end":{"line":97,"column":22}},{"start":{"line":97,"column":11},"end":{"line":97,"column":25}}]},"6":{"loc":{"start":{"line":97,"column":11},"end":{"line":97,"column":22}},"type":"binary-expr","locations":[{"start":{"line":97,"column":11},"end":{"line":97,"column":22}},{"start":{"line":97,"column":11},"end":{"line":97,"column":22}}]},"7":{"loc":{"start":{"line":98,"column":16},"end":{"line":98,"column":35}},"type":"cond-expr","locations":[{"start":{"line":98,"column":25},"end":{"line":98,"column":27}},{"start":{"line":98,"column":16},"end":{"line":98,"column":35}}]},"8":{"loc":{"start":{"line":98,"column":16},"end":{"line":98,"column":27}},"type":"binary-expr","locations":[{"start":{"line":98,"column":16},"end":{"line":98,"column":27}},{"start":{"line":98,"column":16},"end":{"line":98,"column":27}}]},"9":{"loc":{"start":{"line":99,"column":13},"end":{"line":99,"column":29}},"type":"cond-expr","locations":[{"start":{"line":99,"column":22},"end":{"line":99,"column":24}},{"start":{"line":99,"column":13},"end":{"line":99,"column":29}}]},"10":{"loc":{"start":{"line":99,"column":13},"end":{"line":99,"column":24}},"type":"binary-expr","locations":[{"start":{"line":99,"column":13},"end":{"line":99,"column":24}},{"start":{"line":99,"column":13},"end":{"line":99,"column":24}}]},"11":{"loc":{"start":{"line":111,"column":10},"end":{"line":111,"column":27}},"type":"cond-expr","locations":[{"start":{"line":111,"column":19},"end":{"line":111,"column":21}},{"start":{"line":111,"column":10},"end":{"line":111,"column":27}}]},"12":{"loc":{"start":{"line":111,"column":10},"end":{"line":111,"column":21}},"type":"binary-expr","locations":[{"start":{"line":111,"column":10},"end":{"line":111,"column":21}},{"start":{"line":111,"column":10},"end":{"line":111,"column":21}}]},"13":{"loc":{"start":{"line":130,"column":4},"end":{"line":130,"column":50}},"type":"if","locations":[{"start":{"line":130,"column":4},"end":{"line":130,"column":50}}]},"14":{"loc":{"start":{"line":136,"column":4},"end":{"line":136,"column":42}},"type":"if","locations":[{"start":{"line":136,"column":4},"end":{"line":136,"column":42}}]}},"s":{"0":1,"1":1,"2":1,"3":1,"4":1,"5":3,"6":3,"7":3,"8":3,"9":3,"10":3,"11":2,"12":1,"13":0,"14":1,"15":1,"16":1,"17":0,"18":1,"19":1,"20":3,"21":3,"22":3,"23":3,"24":3,"25":1,"26":2,"27":2,"28":1,"29":1,"30":1,"31":1,"32":1,"33":1,"34":1,"35":1,"36":0,"37":1,"38":1,"39":1,"40":1,"41":1,"42":1,"43":1,"44":1,"45":1,"46":0,"47":1,"48":1,"49":1,"50":1,"51":1,"52":1,"53":1,"54":0,"55":1,"56":1,"57":1,"58":1,"59":1,"60":1,"61":0,"62":1,"63":1,"64":1,"65":0,"66":0,"67":0,"68":0,"69":0,"70":1,"71":1,"72":1,"73":1,"74":1,"75":1,"76":0,"77":1},"f":{"0":3,"1":3,"2":3,"3":3,"4":1,"5":1,"6":1,"7":1,"8":1,"9":1},"b":{"0":[2],"1":[0],"2":[1],"3":[1],"4":[0],"5":[0,1],"6":[1,1],"7":[0,1],"8":[1,1],"9":[0,1],"10":[1,1],"11":[0,1],"12":[1,1],"13":[0],"14":[1]}}
,"D:\\belajar-web-program\\my-project\\Instagram-clone-rebuild\\backend\\src\\controllers\\comment.ts": {"path":"D:\\belajar-web-program\\my-project\\Instagram-clone-rebuild\\backend\\src\\controllers\\comment.ts","statementMap":{"0":{"start":{"line":3,"column":0},"end":{"line":3,"column":41}},"1":{"start":{"line":5,"column":0},"end":{"line":5,"column":40}},"2":{"start":{"line":6,"column":0},"end":{"line":6,"column":34}},"3":{"start":{"line":8,"column":29},"end":{"line":34,"column":2}},"4":{"start":{"line":8,"column":87},"end":{"line":34,"column":2}},"5":{"start":{"line":9,"column":17},"end":{"line":9,"column":27}},"6":{"start":{"line":10,"column":37},"end":{"line":10,"column":45}},"7":{"start":{"line":12,"column":2},"end":{"line":33,"column":null}},"8":{"start":{"line":13,"column":31},"end":{"line":13,"column":54}},"9":{"start":{"line":15,"column":30},"end":{"line":20,"column":6}},"10":{"start":{"line":22,"column":37},"end":{"line":22,"column":65}},"11":{"start":{"line":23,"column":4},"end":{"line":23,"column":46}},"12":{"start":{"line":25,"column":4},"end":{"line":25,"column":23}},"13":{"start":{"line":27,"column":4},"end":{"line":30,"column":7}},"14":{"start":{"line":32,"column":4},"end":{"line":32,"column":43}},"15":{"start":{"line":8,"column":13},"end":{"line":8,"column":29}},"16":{"start":{"line":36,"column":30},"end":{"line":73,"column":2}},"17":{"start":{"line":36,"column":88},"end":{"line":73,"column":2}},"18":{"start":{"line":37,"column":17},"end":{"line":37,"column":27}},"19":{"start":{"line":38,"column":2},"end":{"line":72,"column":null}},"20":{"start":{"line":39,"column":33},"end":{"line":62,"column":25}},"21":{"start":{"line":64,"column":4},"end":{"line":69,"column":7}},"22":{"start":{"line":71,"column":4},"end":{"line":71,"column":43}},"23":{"start":{"line":36,"column":13},"end":{"line":36,"column":30}},"24":{"start":{"line":75,"column":28},"end":{"line":103,"column":2}},"25":{"start":{"line":75,"column":86},"end":{"line":103,"column":2}},"26":{"start":{"line":76,"column":24},"end":{"line":76,"column":34}},"27":{"start":{"line":77,"column":37},"end":{"line":77,"column":45}},"28":{"start":{"line":79,"column":2},"end":{"line":102,"column":null}},"29":{"start":{"line":80,"column":37},"end":{"line":80,"column":87}},"30":{"start":{"line":81,"column":4},"end":{"line":81,"column":70}},"31":{"start":{"line":81,"column":18},"end":{"line":81,"column":70}},"32":{"start":{"line":83,"column":17},"end":{"line":83,"column":50}},"33":{"start":{"line":84,"column":4},"end":{"line":84,"column":64}},"34":{"start":{"line":84,"column":15},"end":{"line":84,"column":64}},"35":{"start":{"line":86,"column":4},"end":{"line":89,"column":7}},"36":{"start":{"line":90,"column":29},"end":{"line":90,"column":46}},"37":{"start":{"line":91,"column":4},"end":{"line":91,"column":45}},"38":{"start":{"line":93,"column":4},"end":{"line":93,"column":22}},"39":{"start":{"line":94,"column":4},"end":{"line":94,"column":25}},"40":{"start":{"line":96,"column":4},"end":{"line":99,"column":7}},"41":{"start":{"line":101,"column":4},"end":{"line":101,"column":43}},"42":{"start":{"line":75,"column":13},"end":{"line":75,"column":28}}},"fnMap":{"0":{"name":"(anonymous_8)","decl":{"start":{"line":8,"column":29},"end":{"line":8,"column":36}},"loc":{"start":{"line":8,"column":87},"end":{"line":34,"column":2}}},"1":{"name":"(anonymous_9)","decl":{"start":{"line":8,"column":87},"end":{"line":8,"column":null}},"loc":{"start":{"line":8,"column":87},"end":{"line":34,"column":1}}},"2":{"name":"(anonymous_10)","decl":{"start":{"line":36,"column":30},"end":{"line":36,"column":37}},"loc":{"start":{"line":36,"column":88},"end":{"line":73,"column":2}}},"3":{"name":"(anonymous_11)","decl":{"start":{"line":36,"column":88},"end":{"line":36,"column":null}},"loc":{"start":{"line":36,"column":88},"end":{"line":73,"column":1}}},"4":{"name":"(anonymous_12)","decl":{"start":{"line":75,"column":28},"end":{"line":75,"column":35}},"loc":{"start":{"line":75,"column":86},"end":{"line":103,"column":2}}},"5":{"name":"(anonymous_13)","decl":{"start":{"line":75,"column":86},"end":{"line":75,"column":null}},"loc":{"start":{"line":75,"column":86},"end":{"line":103,"column":1}}}},"branchMap":{"0":{"loc":{"start":{"line":22,"column":37},"end":{"line":22,"column":65}},"type":"cond-expr","locations":[{"start":{"line":22,"column":41},"end":{"line":22,"column":43}},{"start":{"line":22,"column":37},"end":{"line":22,"column":65}}]},"1":{"loc":{"start":{"line":22,"column":37},"end":{"line":22,"column":43}},"type":"binary-expr","locations":[{"start":{"line":22,"column":37},"end":{"line":22,"column":43}},{"start":{"line":22,"column":37},"end":{"line":22,"column":43}}]},"2":{"loc":{"start":{"line":25,"column":10},"end":{"line":25,"column":22}},"type":"cond-expr","locations":[{"start":{"line":25,"column":14},"end":{"line":25,"column":16}},{"start":{"line":25,"column":10},"end":{"line":25,"column":22}}]},"3":{"loc":{"start":{"line":25,"column":10},"end":{"line":25,"column":16}},"type":"binary-expr","locations":[{"start":{"line":25,"column":10},"end":{"line":25,"column":16}},{"start":{"line":25,"column":10},"end":{"line":25,"column":16}}]},"4":{"loc":{"start":{"line":81,"column":4},"end":{"line":81,"column":70}},"type":"if","locations":[{"start":{"line":81,"column":4},"end":{"line":81,"column":70}}]},"5":{"loc":{"start":{"line":84,"column":4},"end":{"line":84,"column":64}},"type":"if","locations":[{"start":{"line":84,"column":4},"end":{"line":84,"column":64}}]}},"s":{"0":1,"1":1,"2":1,"3":1,"4":0,"5":0,"6":0,"7":0,"8":0,"9":0,"10":0,"11":0,"12":0,"13":0,"14":0,"15":1,"16":1,"17":0,"18":0,"19":0,"20":0,"21":0,"22":0,"23":1,"24":1,"25":0,"26":0,"27":0,"28":0,"29":0,"30":0,"31":0,"32":0,"33":0,"34":0,"35":0,"36":0,"37":0,"38":0,"39":0,"40":0,"41":0,"42":1},"f":{"0":0,"1":0,"2":0,"3":0,"4":0,"5":0},"b":{"0":[0,0],"1":[0,0],"2":[0,0],"3":[0,0],"4":[0],"5":[0]}}
,"D:\\belajar-web-program\\my-project\\Instagram-clone-rebuild\\backend\\src\\controllers\\errorHandler.ts": {"path":"D:\\belajar-web-program\\my-project\\Instagram-clone-rebuild\\backend\\src\\controllers\\errorHandler.ts","statementMap":{"0":{"start":{"line":4,"column":21},"end":{"line":13,"column":1}},"1":{"start":{"line":5,"column":2},"end":{"line":5,"column":41}},"2":{"start":{"line":6,"column":2},"end":{"line":6,"column":26}},"3":{"start":{"line":7,"column":2},"end":{"line":7,"column":28}},"4":{"start":{"line":9,"column":2},"end":{"line":12,"column":5}},"5":{"start":{"line":15,"column":0},"end":{"line":15,"column":28}}},"fnMap":{"0":{"name":"(anonymous_0)","decl":{"start":{"line":4,"column":21},"end":{"line":4,"column":22}},"loc":{"start":{"line":4,"column":88},"end":{"line":13,"column":1}}}},"branchMap":{"0":{"loc":{"start":{"line":5,"column":19},"end":{"line":5,"column":40}},"type":"binary-expr","locations":[{"start":{"line":5,"column":19},"end":{"line":5,"column":33}},{"start":{"line":5,"column":37},"end":{"line":5,"column":40}}]}},"s":{"0":1,"1":5,"2":5,"3":5,"4":5,"5":1},"f":{"0":5},"b":{"0":[5,0]}}
,"D:\\belajar-web-program\\my-project\\Instagram-clone-rebuild\\backend\\src\\controllers\\historySearch.ts": {"path":"D:\\belajar-web-program\\my-project\\Instagram-clone-rebuild\\backend\\src\\controllers\\historySearch.ts","statementMap":{"0":{"start":{"line":3,"column":0},"end":{"line":3,"column":41}},"1":{"start":{"line":5,"column":0},"end":{"line":5,"column":46}},"2":{"start":{"line":6,"column":0},"end":{"line":6,"column":34}},"3":{"start":{"line":8,"column":26},"end":{"line":43,"column":2}},"4":{"start":{"line":8,"column":84},"end":{"line":43,"column":2}},"5":{"start":{"line":9,"column":25},"end":{"line":9,"column":35}},"6":{"start":{"line":10,"column":2},"end":{"line":42,"column":null}},"7":{"start":{"line":11,"column":31},"end":{"line":11,"column":62}},"8":{"start":{"line":12,"column":4},"end":{"line":12,"column":64}},"9":{"start":{"line":12,"column":15},"end":{"line":12,"column":64}},"10":{"start":{"line":14,"column":49},"end":{"line":17,"column":6}},"11":{"start":{"line":19,"column":4},"end":{"line":34,"column":null}},"12":{"start":{"line":20,"column":6},"end":{"line":23,"column":9}},"13":{"start":{"line":25,"column":6},"end":{"line":33,"column":8}},"14":{"start":{"line":36,"column":4},"end":{"line":39,"column":7}},"15":{"start":{"line":41,"column":4},"end":{"line":41,"column":43}},"16":{"start":{"line":8,"column":13},"end":{"line":8,"column":26}},"17":{"start":{"line":45,"column":29},"end":{"line":57,"column":2}},"18":{"start":{"line":45,"column":87},"end":{"line":57,"column":2}},"19":{"start":{"line":46,"column":2},"end":{"line":56,"column":null}},"20":{"start":{"line":47,"column":34},"end":{"line":47,"column":186}},"21":{"start":{"line":48,"column":4},"end":{"line":53,"column":7}},"22":{"start":{"line":55,"column":4},"end":{"line":55,"column":43}},"23":{"start":{"line":45,"column":13},"end":{"line":45,"column":29}},"24":{"start":{"line":59,"column":29},"end":{"line":72,"column":2}},"25":{"start":{"line":59,"column":87},"end":{"line":72,"column":2}},"26":{"start":{"line":60,"column":17},"end":{"line":60,"column":27}},"27":{"start":{"line":62,"column":2},"end":{"line":71,"column":null}},"28":{"start":{"line":63,"column":4},"end":{"line":63,"column":40}},"29":{"start":{"line":65,"column":4},"end":{"line":68,"column":7}},"30":{"start":{"line":70,"column":4},"end":{"line":70,"column":43}},"31":{"start":{"line":59,"column":13},"end":{"line":59,"column":29}},"32":{"start":{"line":74,"column":32},"end":{"line":87,"column":2}},"33":{"start":{"line":74,"column":90},"end":{"line":87,"column":2}},"34":{"start":{"line":75,"column":2},"end":{"line":86,"column":null}},"35":{"start":{"line":76,"column":4},"end":{"line":78,"column":7}},"36":{"start":{"line":80,"column":4},"end":{"line":83,"column":7}},"37":{"start":{"line":85,"column":4},"end":{"line":85,"column":43}},"38":{"start":{"line":74,"column":13},"end":{"line":74,"column":32}}},"fnMap":{"0":{"name":"(anonymous_8)","decl":{"start":{"line":8,"column":26},"end":{"line":8,"column":33}},"loc":{"start":{"line":8,"column":84},"end":{"line":43,"column":2}}},"1":{"name":"(anonymous_9)","decl":{"start":{"line":8,"column":84},"end":{"line":8,"column":null}},"loc":{"start":{"line":8,"column":84},"end":{"line":43,"column":1}}},"2":{"name":"(anonymous_10)","decl":{"start":{"line":45,"column":29},"end":{"line":45,"column":36}},"loc":{"start":{"line":45,"column":87},"end":{"line":57,"column":2}}},"3":{"name":"(anonymous_11)","decl":{"start":{"line":45,"column":87},"end":{"line":45,"column":null}},"loc":{"start":{"line":45,"column":87},"end":{"line":57,"column":1}}},"4":{"name":"(anonymous_12)","decl":{"start":{"line":59,"column":29},"end":{"line":59,"column":36}},"loc":{"start":{"line":59,"column":87},"end":{"line":72,"column":2}}},"5":{"name":"(anonymous_13)","decl":{"start":{"line":59,"column":87},"end":{"line":59,"column":null}},"loc":{"start":{"line":59,"column":87},"end":{"line":72,"column":1}}},"6":{"name":"(anonymous_14)","decl":{"start":{"line":74,"column":32},"end":{"line":74,"column":39}},"loc":{"start":{"line":74,"column":90},"end":{"line":87,"column":2}}},"7":{"name":"(anonymous_15)","decl":{"start":{"line":74,"column":90},"end":{"line":74,"column":null}},"loc":{"start":{"line":74,"column":90},"end":{"line":87,"column":1}}}},"branchMap":{"0":{"loc":{"start":{"line":12,"column":4},"end":{"line":12,"column":64}},"type":"if","locations":[{"start":{"line":12,"column":4},"end":{"line":12,"column":64}}]},"1":{"loc":{"start":{"line":19,"column":4},"end":{"line":34,"column":null}},"type":"if","locations":[{"start":{"line":19,"column":4},"end":{"line":34,"column":null}},{"start":{"line":24,"column":11},"end":{"line":34,"column":null}}]}},"s":{"0":1,"1":1,"2":1,"3":1,"4":0,"5":0,"6":0,"7":0,"8":0,"9":0,"10":0,"11":0,"12":0,"13":0,"14":0,"15":0,"16":1,"17":1,"18":0,"19":0,"20":0,"21":0,"22":0,"23":1,"24":1,"25":0,"26":0,"27":0,"28":0,"29":0,"30":0,"31":1,"32":1,"33":0,"34":0,"35":0,"36":0,"37":0,"38":1},"f":{"0":0,"1":0,"2":0,"3":0,"4":0,"5":0,"6":0,"7":0},"b":{"0":[0],"1":[0,0]}}
,"D:\\belajar-web-program\\my-project\\Instagram-clone-rebuild\\backend\\src\\controllers\\post.ts": {"path":"D:\\belajar-web-program\\my-project\\Instagram-clone-rebuild\\backend\\src\\controllers\\post.ts","statementMap":{"0":{"start":{"line":2,"column":0},"end":{"line":2,"column":41}},"1":{"start":{"line":3,"column":0},"end":{"line":3,"column":41}},"2":{"start":{"line":5,"column":0},"end":{"line":5,"column":34}},"3":{"start":{"line":6,"column":0},"end":{"line":6,"column":34}},"4":{"start":{"line":8,"column":26},"end":{"line":43,"column":2}},"5":{"start":{"line":8,"column":84},"end":{"line":43,"column":2}},"6":{"start":{"line":9,"column":44},"end":{"line":9,"column":52}},"7":{"start":{"line":11,"column":2},"end":{"line":42,"column":null}},"8":{"start":{"line":12,"column":17},"end":{"line":12,"column":25}},"9":{"start":{"line":13,"column":4},"end":{"line":13,"column":64}},"10":{"start":{"line":13,"column":15},"end":{"line":13,"column":64}},"11":{"start":{"line":15,"column":18},"end":{"line":15,"column":46}},"12":{"start":{"line":16,"column":16},"end":{"line":16,"column":39}},"13":{"start":{"line":18,"column":25},"end":{"line":22,"column":6}},"14":{"start":{"line":24,"column":4},"end":{"line":29,"column":7}},"15":{"start":{"line":31,"column":25},"end":{"line":31,"column":78}},"16":{"start":{"line":32,"column":22},"end":{"line":32,"column":36}},"17":{"start":{"line":33,"column":4},"end":{"line":33,"column":35}},"18":{"start":{"line":34,"column":4},"end":{"line":34,"column":22}},"19":{"start":{"line":36,"column":4},"end":{"line":39,"column":7}},"20":{"start":{"line":41,"column":4},"end":{"line":41,"column":43}},"21":{"start":{"line":8,"column":13},"end":{"line":8,"column":26}},"22":{"start":{"line":45,"column":26},"end":{"line":72,"column":2}},"23":{"start":{"line":45,"column":84},"end":{"line":72,"column":2}},"24":{"start":{"line":46,"column":28},"end":{"line":46,"column":37}},"25":{"start":{"line":47,"column":2},"end":{"line":71,"column":null}},"26":{"start":{"line":48,"column":23},"end":{"line":48,"column":47}},"27":{"start":{"line":49,"column":4},"end":{"line":51,"column":null}},"28":{"start":{"line":50,"column":6},"end":{"line":50,"column":43}},"29":{"start":{"line":52,"column":18},"end":{"line":57,"column":39}},"30":{"start":{"line":59,"column":21},"end":{"line":62,"column":6}},"31":{"start":{"line":60,"column":26},"end":{"line":60,"column":99}},"32":{"start":{"line":60,"column":52},"end":{"line":60,"column":99}},"33":{"start":{"line":61,"column":6},"end":{"line":61,"column":77}},"34":{"start":{"line":63,"column":4},"end":{"line":68,"column":7}},"35":{"start":{"line":70,"column":4},"end":{"line":70,"column":43}},"36":{"start":{"line":45,"column":13},"end":{"line":45,"column":26}},"37":{"start":{"line":74,"column":27},"end":{"line":94,"column":2}},"38":{"start":{"line":74,"column":85},"end":{"line":94,"column":2}},"39":{"start":{"line":75,"column":17},"end":{"line":75,"column":27}},"40":{"start":{"line":77,"column":2},"end":{"line":93,"column":null}},"41":{"start":{"line":78,"column":18},"end":{"line":80,"column":95}},"42":{"start":{"line":82,"column":24},"end":{"line":82,"column":97}},"43":{"start":{"line":82,"column":50},"end":{"line":82,"column":97}},"44":{"start":{"line":83,"column":20},"end":{"line":83,"column":86}},"45":{"start":{"line":85,"column":4},"end":{"line":90,"column":7}},"46":{"start":{"line":92,"column":4},"end":{"line":92,"column":43}},"47":{"start":{"line":74,"column":13},"end":{"line":74,"column":27}},"48":{"start":{"line":96,"column":26},"end":{"line":111,"column":2}},"49":{"start":{"line":96,"column":84},"end":{"line":111,"column":2}},"50":{"start":{"line":97,"column":17},"end":{"line":97,"column":27}},"51":{"start":{"line":99,"column":2},"end":{"line":110,"column":null}},"52":{"start":{"line":100,"column":18},"end":{"line":100,"column":41}},"53":{"start":{"line":101,"column":4},"end":{"line":101,"column":115}},"54":{"start":{"line":101,"column":61},"end":{"line":101,"column":115}},"55":{"start":{"line":103,"column":4},"end":{"line":103,"column":37}},"56":{"start":{"line":104,"column":4},"end":{"line":107,"column":7}},"57":{"start":{"line":109,"column":4},"end":{"line":109,"column":43}},"58":{"start":{"line":96,"column":13},"end":{"line":96,"column":26}},"59":{"start":{"line":113,"column":26},"end":{"line":134,"column":2}},"60":{"start":{"line":113,"column":84},"end":{"line":134,"column":2}},"61":{"start":{"line":114,"column":17},"end":{"line":114,"column":27}},"62":{"start":{"line":115,"column":22},"end":{"line":115,"column":30}},"63":{"start":{"line":117,"column":2},"end":{"line":133,"column":null}},"64":{"start":{"line":118,"column":4},"end":{"line":126,"column":6}},"65":{"start":{"line":127,"column":4},"end":{"line":130,"column":7}},"66":{"start":{"line":132,"column":4},"end":{"line":132,"column":43}},"67":{"start":{"line":113,"column":13},"end":{"line":113,"column":26}},"68":{"start":{"line":136,"column":24},"end":{"line":166,"column":2}},"69":{"start":{"line":136,"column":82},"end":{"line":166,"column":2}},"70":{"start":{"line":137,"column":17},"end":{"line":137,"column":27}},"71":{"start":{"line":138,"column":2},"end":{"line":165,"column":null}},"72":{"start":{"line":139,"column":18},"end":{"line":139,"column":41}},"73":{"start":{"line":140,"column":20},"end":{"line":140,"column":32}},"74":{"start":{"line":141,"column":22},"end":{"line":141,"column":36}},"75":{"start":{"line":143,"column":20},"end":{"line":143,"column":88}},"76":{"start":{"line":143,"column":43},"end":{"line":143,"column":88}},"77":{"start":{"line":145,"column":26},"end":{"line":145,"column":28}},"78":{"start":{"line":146,"column":4},"end":{"line":157,"column":null}},"79":{"start":{"line":147,"column":6},"end":{"line":147,"column":38}},"80":{"start":{"line":148,"column":6},"end":{"line":148,"column":37}},"81":{"start":{"line":149,"column":6},"end":{"line":149,"column":24}},"82":{"start":{"line":150,"column":6},"end":{"line":150,"column":45}},"83":{"start":{"line":153,"column":6},"end":{"line":153,"column":38}},"84":{"start":{"line":154,"column":6},"end":{"line":154,"column":37}},"85":{"start":{"line":155,"column":6},"end":{"line":155,"column":24}},"86":{"start":{"line":156,"column":6},"end":{"line":156,"column":48}},"87":{"start":{"line":159,"column":4},"end":{"line":162,"column":7}},"88":{"start":{"line":164,"column":4},"end":{"line":164,"column":43}},"89":{"start":{"line":136,"column":13},"end":{"line":136,"column":24}},"90":{"start":{"line":168,"column":27},"end":{"line":187,"column":2}},"91":{"start":{"line":168,"column":85},"end":{"line":187,"column":2}},"92":{"start":{"line":169,"column":17},"end":{"line":169,"column":27}},"93":{"start":{"line":170,"column":2},"end":{"line":186,"column":null}},"94":{"start":{"line":171,"column":18},"end":{"line":171,"column":90}},"95":{"start":{"line":172,"column":18},"end":{"line":172,"column":30}},"96":{"start":{"line":174,"column":21},"end":{"line":178,"column":6}},"97":{"start":{"line":176,"column":28},"end":{"line":176,"column":102}},"98":{"start":{"line":176,"column":55},"end":{"line":176,"column":102}},"99":{"start":{"line":177,"column":6},"end":{"line":177,"column":81}},"100":{"start":{"line":180,"column":4},"end":{"line":183,"column":7}},"101":{"start":{"line":185,"column":4},"end":{"line":185,"column":43}},"102":{"start":{"line":168,"column":13},"end":{"line":168,"column":27}}},"fnMap":{"0":{"name":"(anonymous_8)","decl":{"start":{"line":8,"column":26},"end":{"line":8,"column":33}},"loc":{"start":{"line":8,"column":84},"end":{"line":43,"column":2}}},"1":{"name":"(anonymous_9)","decl":{"start":{"line":8,"column":84},"end":{"line":8,"column":null}},"loc":{"start":{"line":8,"column":84},"end":{"line":43,"column":1}}},"2":{"name":"(anonymous_10)","decl":{"start":{"line":45,"column":26},"end":{"line":45,"column":33}},"loc":{"start":{"line":45,"column":84},"end":{"line":72,"column":2}}},"3":{"name":"(anonymous_11)","decl":{"start":{"line":45,"column":84},"end":{"line":45,"column":null}},"loc":{"start":{"line":45,"column":84},"end":{"line":72,"column":1}}},"4":{"name":"(anonymous_12)","decl":{"start":{"line":59,"column":31},"end":{"line":59,"column":32}},"loc":{"start":{"line":59,"column":40},"end":{"line":62,"column":5}}},"5":{"name":"(anonymous_13)","decl":{"start":{"line":60,"column":44},"end":{"line":60,"column":45}},"loc":{"start":{"line":60,"column":51},"end":{"line":60,"column":99}}},"6":{"name":"(anonymous_14)","decl":{"start":{"line":74,"column":27},"end":{"line":74,"column":34}},"loc":{"start":{"line":74,"column":85},"end":{"line":94,"column":2}}},"7":{"name":"(anonymous_15)","decl":{"start":{"line":74,"column":85},"end":{"line":74,"column":null}},"loc":{"start":{"line":74,"column":85},"end":{"line":94,"column":1}}},"8":{"name":"(anonymous_16)","decl":{"start":{"line":82,"column":42},"end":{"line":82,"column":43}},"loc":{"start":{"line":82,"column":49},"end":{"line":82,"column":97}}},"9":{"name":"(anonymous_17)","decl":{"start":{"line":96,"column":26},"end":{"line":96,"column":33}},"loc":{"start":{"line":96,"column":84},"end":{"line":111,"column":2}}},"10":{"name":"(anonymous_18)","decl":{"start":{"line":96,"column":84},"end":{"line":96,"column":null}},"loc":{"start":{"line":96,"column":84},"end":{"line":111,"column":1}}},"11":{"name":"(anonymous_19)","decl":{"start":{"line":113,"column":26},"end":{"line":113,"column":33}},"loc":{"start":{"line":113,"column":84},"end":{"line":134,"column":2}}},"12":{"name":"(anonymous_20)","decl":{"start":{"line":113,"column":84},"end":{"line":113,"column":null}},"loc":{"start":{"line":113,"column":84},"end":{"line":134,"column":1}}},"13":{"name":"(anonymous_21)","decl":{"start":{"line":136,"column":24},"end":{"line":136,"column":31}},"loc":{"start":{"line":136,"column":82},"end":{"line":166,"column":2}}},"14":{"name":"(anonymous_22)","decl":{"start":{"line":136,"column":82},"end":{"line":136,"column":null}},"loc":{"start":{"line":136,"column":82},"end":{"line":166,"column":1}}},"15":{"name":"(anonymous_23)","decl":{"start":{"line":143,"column":33},"end":{"line":143,"column":34}},"loc":{"start":{"line":143,"column":42},"end":{"line":143,"column":88}}},"16":{"name":"(anonymous_24)","decl":{"start":{"line":168,"column":27},"end":{"line":168,"column":34}},"loc":{"start":{"line":168,"column":85},"end":{"line":187,"column":2}}},"17":{"name":"(anonymous_25)","decl":{"start":{"line":168,"column":85},"end":{"line":168,"column":null}},"loc":{"start":{"line":168,"column":85},"end":{"line":187,"column":1}}},"18":{"name":"(anonymous_26)","decl":{"start":{"line":174,"column":31},"end":{"line":174,"column":32}},"loc":{"start":{"line":174,"column":40},"end":{"line":178,"column":5}}},"19":{"name":"(anonymous_27)","decl":{"start":{"line":176,"column":47},"end":{"line":176,"column":48}},"loc":{"start":{"line":176,"column":54},"end":{"line":176,"column":102}}}},"branchMap":{"0":{"loc":{"start":{"line":13,"column":4},"end":{"line":13,"column":64}},"type":"if","locations":[{"start":{"line":13,"column":4},"end":{"line":13,"column":64}}]},"1":{"loc":{"start":{"line":20,"column":19},"end":{"line":20,"column":52}},"type":"cond-expr","locations":[{"start":{"line":20,"column":37},"end":{"line":20,"column":43}},{"start":{"line":20,"column":46},"end":{"line":20,"column":52}}]},"2":{"loc":{"start":{"line":49,"column":4},"end":{"line":51,"column":null}},"type":"if","locations":[{"start":{"line":49,"column":4},"end":{"line":51,"column":null}}]},"3":{"loc":{"start":{"line":60,"column":74},"end":{"line":60,"column":98}},"type":"cond-expr","locations":[{"start":{"line":60,"column":86},"end":{"line":60,"column":88}},{"start":{"line":60,"column":86},"end":{"line":60,"column":98}}]},"4":{"loc":{"start":{"line":60,"column":74},"end":{"line":60,"column":88}},"type":"binary-expr","locations":[{"start":{"line":60,"column":74},"end":{"line":60,"column":88}},{"start":{"line":60,"column":86},"end":{"line":60,"column":88}}]},"5":{"loc":{"start":{"line":61,"column":48},"end":{"line":61,"column":74}},"type":"cond-expr","locations":[{"start":{"line":61,"column":62},"end":{"line":61,"column":66}},{"start":{"line":61,"column":69},"end":{"line":61,"column":74}}]},"6":{"loc":{"start":{"line":82,"column":72},"end":{"line":82,"column":96}},"type":"cond-expr","locations":[{"start":{"line":82,"column":84},"end":{"line":82,"column":86}},{"start":{"line":82,"column":84},"end":{"line":82,"column":96}}]},"7":{"loc":{"start":{"line":82,"column":72},"end":{"line":82,"column":86}},"type":"binary-expr","locations":[{"start":{"line":82,"column":72},"end":{"line":82,"column":86}},{"start":{"line":82,"column":84},"end":{"line":82,"column":86}}]},"8":{"loc":{"start":{"line":83,"column":58},"end":{"line":83,"column":84}},"type":"cond-expr","locations":[{"start":{"line":83,"column":72},"end":{"line":83,"column":76}},{"start":{"line":83,"column":79},"end":{"line":83,"column":84}}]},"9":{"loc":{"start":{"line":101,"column":4},"end":{"line":101,"column":115}},"type":"if","locations":[{"start":{"line":101,"column":4},"end":{"line":101,"column":115}}]},"10":{"loc":{"start":{"line":101,"column":35},"end":{"line":101,"column":59}},"type":"cond-expr","locations":[{"start":{"line":101,"column":47},"end":{"line":101,"column":49}},{"start":{"line":101,"column":47},"end":{"line":101,"column":59}}]},"11":{"loc":{"start":{"line":101,"column":35},"end":{"line":101,"column":49}},"type":"binary-expr","locations":[{"start":{"line":101,"column":35},"end":{"line":101,"column":49}},{"start":{"line":101,"column":47},"end":{"line":101,"column":49}}]},"12":{"loc":{"start":{"line":143,"column":63},"end":{"line":143,"column":87}},"type":"cond-expr","locations":[{"start":{"line":143,"column":75},"end":{"line":143,"column":77}},{"start":{"line":143,"column":75},"end":{"line":143,"column":87}}]},"13":{"loc":{"start":{"line":143,"column":63},"end":{"line":143,"column":77}},"type":"binary-expr","locations":[{"start":{"line":143,"column":63},"end":{"line":143,"column":77}},{"start":{"line":143,"column":75},"end":{"line":143,"column":77}}]},"14":{"loc":{"start":{"line":146,"column":4},"end":{"line":157,"column":null}},"type":"if","locations":[{"start":{"line":146,"column":4},"end":{"line":157,"column":null}},{"start":{"line":151,"column":11},"end":{"line":157,"column":null}}]},"15":{"loc":{"start":{"line":176,"column":77},"end":{"line":176,"column":101}},"type":"cond-expr","locations":[{"start":{"line":176,"column":89},"end":{"line":176,"column":91}},{"start":{"line":176,"column":89},"end":{"line":176,"column":101}}]},"16":{"loc":{"start":{"line":176,"column":77},"end":{"line":176,"column":91}},"type":"binary-expr","locations":[{"start":{"line":176,"column":77},"end":{"line":176,"column":91}},{"start":{"line":176,"column":89},"end":{"line":176,"column":91}}]},"17":{"loc":{"start":{"line":177,"column":50},"end":{"line":177,"column":78}},"type":"cond-expr","locations":[{"start":{"line":177,"column":66},"end":{"line":177,"column":70}},{"start":{"line":177,"column":73},"end":{"line":177,"column":78}}]}},"s":{"0":1,"1":1,"2":1,"3":1,"4":1,"5":0,"6":0,"7":0,"8":0,"9":0,"10":0,"11":0,"12":0,"13":0,"14":0,"15":0,"16":0,"17":0,"18":0,"19":0,"20":0,"21":1,"22":1,"23":0,"24":0,"25":0,"26":0,"27":0,"28":0,"29":0,"30":0,"31":0,"32":0,"33":0,"34":0,"35":0,"36":1,"37":1,"38":0,"39":0,"40":0,"41":0,"42":0,"43":0,"44":0,"45":0,"46":0,"47":1,"48":1,"49":0,"50":0,"51":0,"52":0,"53":0,"54":0,"55":0,"56":0,"57":0,"58":1,"59":1,"60":0,"61":0,"62":0,"63":0,"64":0,"65":0,"66":0,"67":1,"68":1,"69":0,"70":0,"71":0,"72":0,"73":0,"74":0,"75":0,"76":0,"77":0,"78":0,"79":0,"80":0,"81":0,"82":0,"83":0,"84":0,"85":0,"86":0,"87":0,"88":0,"89":1,"90":1,"91":0,"92":0,"93":0,"94":0,"95":0,"96":0,"97":0,"98":0,"99":0,"100":0,"101":0,"102":1},"f":{"0":0,"1":0,"2":0,"3":0,"4":0,"5":0,"6":0,"7":0,"8":0,"9":0,"10":0,"11":0,"12":0,"13":0,"14":0,"15":0,"16":0,"17":0,"18":0,"19":0},"b":{"0":[0],"1":[0,0],"2":[0],"3":[0,0],"4":[0,0],"5":[0,0],"6":[0,0],"7":[0,0],"8":[0,0],"9":[0],"10":[0,0],"11":[0,0],"12":[0,0],"13":[0,0],"14":[0,0],"15":[0,0],"16":[0,0],"17":[0,0]}}
,"D:\\belajar-web-program\\my-project\\Instagram-clone-rebuild\\backend\\src\\controllers\\user.ts": {"path":"D:\\belajar-web-program\\my-project\\Instagram-clone-rebuild\\backend\\src\\controllers\\user.ts","statementMap":{"0":{"start":{"line":2,"column":0},"end":{"line":2,"column":34}},"1":{"start":{"line":3,"column":0},"end":{"line":3,"column":41}},"2":{"start":{"line":4,"column":0},"end":{"line":4,"column":41}},"3":{"start":{"line":7,"column":27},"end":{"line":46,"column":2}},"4":{"start":{"line":7,"column":85},"end":{"line":46,"column":2}},"5":{"start":{"line":8,"column":35},"end":{"line":8,"column":44}},"6":{"start":{"line":9,"column":2},"end":{"line":45,"column":null}},"7":{"start":{"line":10,"column":24},"end":{"line":10,"column":29}},"8":{"start":{"line":11,"column":4},"end":{"line":15,"column":null}},"9":{"start":{"line":12,"column":6},"end":{"line":12,"column":27}},"10":{"start":{"line":14,"column":6},"end":{"line":14,"column":28}},"11":{"start":{"line":17,"column":23},"end":{"line":17,"column":46}},"12":{"start":{"line":19,"column":4},"end":{"line":21,"column":null}},"13":{"start":{"line":20,"column":6},"end":{"line":20,"column":78}},"14":{"start":{"line":23,"column":27},"end":{"line":24,"column":null}},"15":{"start":{"line":26,"column":21},"end":{"line":34,"column":null}},"16":{"start":{"line":28,"column":30},"end":{"line":28,"column":100}},"17":{"start":{"line":28,"column":57},"end":{"line":28,"column":100}},"18":{"start":{"line":29,"column":8},"end":{"line":29,"column":83}},"19":{"start":{"line":32,"column":8},"end":{"line":34,"column":null}},"20":{"start":{"line":37,"column":4},"end":{"line":42,"column":7}},"21":{"start":{"line":44,"column":4},"end":{"line":44,"column":43}},"22":{"start":{"line":7,"column":13},"end":{"line":7,"column":27}},"23":{"start":{"line":48,"column":27},"end":{"line":67,"column":2}},"24":{"start":{"line":48,"column":85},"end":{"line":67,"column":2}},"25":{"start":{"line":49,"column":17},"end":{"line":49,"column":27}},"26":{"start":{"line":50,"column":2},"end":{"line":66,"column":null}},"27":{"start":{"line":51,"column":18},"end":{"line":52,"column":null}},"28":{"start":{"line":54,"column":26},"end":{"line":54,"column":96}},"29":{"start":{"line":54,"column":53},"end":{"line":54,"column":96}},"30":{"start":{"line":55,"column":4},"end":{"line":63,"column":7}},"31":{"start":{"line":65,"column":4},"end":{"line":65,"column":43}},"32":{"start":{"line":48,"column":13},"end":{"line":48,"column":27}},"33":{"start":{"line":69,"column":26},"end":{"line":112,"column":2}},"34":{"start":{"line":69,"column":84},"end":{"line":112,"column":2}},"35":{"start":{"line":70,"column":18},"end":{"line":70,"column":26}},"36":{"start":{"line":71,"column":44},"end":{"line":71,"column":52}},"37":{"start":{"line":73,"column":2},"end":{"line":111,"column":null}},"38":{"start":{"line":74,"column":18},"end":{"line":74,"column":42}},"39":{"start":{"line":75,"column":26},"end":{"line":75,"column":58}},"40":{"start":{"line":76,"column":4},"end":{"line":76,"column":64}},"41":{"start":{"line":76,"column":15},"end":{"line":76,"column":64}},"42":{"start":{"line":78,"column":4},"end":{"line":79,"column":63}},"43":{"start":{"line":79,"column":6},"end":{"line":79,"column":63}},"44":{"start":{"line":81,"column":17},"end":{"line":81,"column":25}},"45":{"start":{"line":82,"column":25},"end":{"line":82,"column":27}},"46":{"start":{"line":83,"column":4},"end":{"line":95,"column":null}},"47":{"start":{"line":84,"column":20},"end":{"line":84,"column":48}},"48":{"start":{"line":85,"column":18},"end":{"line":85,"column":41}},"49":{"start":{"line":87,"column":28},"end":{"line":91,"column":8}},"50":{"start":{"line":92,"column":6},"end":{"line":92,"column":33}},"51":{"start":{"line":94,"column":6},"end":{"line":94,"column":41}},"52":{"start":{"line":97,"column":4},"end":{"line":97,"column":39}},"53":{"start":{"line":98,"column":4},"end":{"line":98,"column":27}},"54":{"start":{"line":99,"column":4},"end":{"line":99,"column":37}},"55":{"start":{"line":100,"column":4},"end":{"line":100,"column":29}},"56":{"start":{"line":101,"column":4},"end":{"line":101,"column":29}},"57":{"start":{"line":103,"column":4},"end":{"line":103,"column":22}},"58":{"start":{"line":105,"column":4},"end":{"line":108,"column":7}},"59":{"start":{"line":110,"column":4},"end":{"line":110,"column":43}},"60":{"start":{"line":69,"column":13},"end":{"line":69,"column":26}},"61":{"start":{"line":114,"column":30},"end":{"line":132,"column":2}},"62":{"start":{"line":114,"column":88},"end":{"line":132,"column":2}},"63":{"start":{"line":115,"column":20},"end":{"line":115,"column":30}},"64":{"start":{"line":117,"column":2},"end":{"line":131,"column":null}},"65":{"start":{"line":118,"column":24},"end":{"line":119,"column":null}},"66":{"start":{"line":121,"column":4},"end":{"line":121,"column":64}},"67":{"start":{"line":121,"column":15},"end":{"line":121,"column":64}},"68":{"start":{"line":123,"column":4},"end":{"line":128,"column":7}},"69":{"start":{"line":130,"column":4},"end":{"line":130,"column":43}},"70":{"start":{"line":114,"column":13},"end":{"line":114,"column":30}},"71":{"start":{"line":134,"column":26},"end":{"line":181,"column":2}},"72":{"start":{"line":134,"column":84},"end":{"line":181,"column":2}},"73":{"start":{"line":135,"column":33},"end":{"line":135,"column":41}},"74":{"start":{"line":136,"column":31},"end":{"line":136,"column":41}},"75":{"start":{"line":138,"column":2},"end":{"line":180,"column":null}},"76":{"start":{"line":139,"column":24},"end":{"line":139,"column":58}},"77":{"start":{"line":140,"column":23},"end":{"line":140,"column":56}},"78":{"start":{"line":142,"column":4},"end":{"line":142,"column":86}},"79":{"start":{"line":142,"column":37},"end":{"line":142,"column":86}},"80":{"start":{"line":143,"column":4},"end":{"line":144,"column":79}},"81":{"start":{"line":144,"column":6},"end":{"line":144,"column":79}},"82":{"start":{"line":146,"column":26},"end":{"line":146,"column":109}},"83":{"start":{"line":146,"column":63},"end":{"line":146,"column":108}},"84":{"start":{"line":148,"column":18},"end":{"line":148,"column":20}},"85":{"start":{"line":149,"column":4},"end":{"line":173,"column":null}},"86":{"start":{"line":150,"column":6},"end":{"line":150,"column":49}},"87":{"start":{"line":151,"column":6},"end":{"line":151,"column":48}},"88":{"start":{"line":154,"column":6},"end":{"line":154,"column":64}},"89":{"start":{"line":155,"column":6},"end":{"line":155,"column":60}},"90":{"start":{"line":157,"column":6},"end":{"line":157,"column":31}},"91":{"start":{"line":158,"column":6},"end":{"line":158,"column":30}},"92":{"start":{"line":159,"column":6},"end":{"line":159,"column":43}},"93":{"start":{"line":162,"column":6},"end":{"line":162,"column":49}},"94":{"start":{"line":164,"column":6},"end":{"line":164,"column":48}},"95":{"start":{"line":167,"column":6},"end":{"line":167,"column":64}},"96":{"start":{"line":168,"column":6},"end":{"line":168,"column":60}},"97":{"start":{"line":170,"column":6},"end":{"line":170,"column":31}},"98":{"start":{"line":171,"column":6},"end":{"line":171,"column":30}},"99":{"start":{"line":172,"column":6},"end":{"line":172,"column":45}},"100":{"start":{"line":174,"column":4},"end":{"line":177,"column":7}},"101":{"start":{"line":179,"column":4},"end":{"line":179,"column":43}},"102":{"start":{"line":134,"column":13},"end":{"line":134,"column":26}}},"fnMap":{"0":{"name":"(anonymous_8)","decl":{"start":{"line":7,"column":27},"end":{"line":7,"column":34}},"loc":{"start":{"line":7,"column":85},"end":{"line":46,"column":2}}},"1":{"name":"(anonymous_9)","decl":{"start":{"line":7,"column":85},"end":{"line":7,"column":null}},"loc":{"start":{"line":7,"column":85},"end":{"line":46,"column":1}}},"2":{"name":"(anonymous_10)","decl":{"start":{"line":27,"column":11},"end":{"line":27,"column":12}},"loc":{"start":{"line":27,"column":20},"end":{"line":30,"column":7}}},"3":{"name":"(anonymous_11)","decl":{"start":{"line":28,"column":49},"end":{"line":28,"column":50}},"loc":{"start":{"line":28,"column":56},"end":{"line":28,"column":100}}},"4":{"name":"(anonymous_12)","decl":{"start":{"line":31,"column":14},"end":{"line":31,"column":15}},"loc":{"start":{"line":31,"column":23},"end":{"line":34,"column":null}}},"5":{"name":"(anonymous_13)","decl":{"start":{"line":48,"column":27},"end":{"line":48,"column":34}},"loc":{"start":{"line":48,"column":85},"end":{"line":67,"column":2}}},"6":{"name":"(anonymous_14)","decl":{"start":{"line":48,"column":85},"end":{"line":48,"column":null}},"loc":{"start":{"line":48,"column":85},"end":{"line":67,"column":1}}},"7":{"name":"(anonymous_15)","decl":{"start":{"line":54,"column":45},"end":{"line":54,"column":46}},"loc":{"start":{"line":54,"column":52},"end":{"line":54,"column":96}}},"8":{"name":"(anonymous_16)","decl":{"start":{"line":69,"column":26},"end":{"line":69,"column":33}},"loc":{"start":{"line":69,"column":84},"end":{"line":112,"column":2}}},"9":{"name":"(anonymous_17)","decl":{"start":{"line":69,"column":84},"end":{"line":69,"column":null}},"loc":{"start":{"line":69,"column":84},"end":{"line":112,"column":1}}},"10":{"name":"(anonymous_18)","decl":{"start":{"line":114,"column":30},"end":{"line":114,"column":37}},"loc":{"start":{"line":114,"column":88},"end":{"line":132,"column":2}}},"11":{"name":"(anonymous_19)","decl":{"start":{"line":114,"column":88},"end":{"line":114,"column":null}},"loc":{"start":{"line":114,"column":88},"end":{"line":132,"column":1}}},"12":{"name":"(anonymous_20)","decl":{"start":{"line":134,"column":26},"end":{"line":134,"column":33}},"loc":{"start":{"line":134,"column":84},"end":{"line":181,"column":2}}},"13":{"name":"(anonymous_21)","decl":{"start":{"line":134,"column":84},"end":{"line":134,"column":null}},"loc":{"start":{"line":134,"column":84},"end":{"line":181,"column":1}}},"14":{"name":"(anonymous_22)","decl":{"start":{"line":146,"column":53},"end":{"line":146,"column":54}},"loc":{"start":{"line":146,"column":63},"end":{"line":146,"column":108}}}},"branchMap":{"0":{"loc":{"start":{"line":11,"column":4},"end":{"line":15,"column":null}},"type":"if","locations":[{"start":{"line":11,"column":4},"end":{"line":15,"column":null}},{"start":{"line":13,"column":11},"end":{"line":15,"column":null}}]},"1":{"loc":{"start":{"line":19,"column":4},"end":{"line":21,"column":null}},"type":"if","locations":[{"start":{"line":19,"column":4},"end":{"line":21,"column":null}}]},"2":{"loc":{"start":{"line":28,"column":75},"end":{"line":28,"column":99}},"type":"cond-expr","locations":[{"start":{"line":28,"column":87},"end":{"line":28,"column":89}},{"start":{"line":28,"column":87},"end":{"line":28,"column":99}}]},"3":{"loc":{"start":{"line":28,"column":75},"end":{"line":28,"column":89}},"type":"binary-expr","locations":[{"start":{"line":28,"column":75},"end":{"line":28,"column":89}},{"start":{"line":28,"column":87},"end":{"line":28,"column":89}}]},"4":{"loc":{"start":{"line":29,"column":52},"end":{"line":29,"column":80}},"type":"cond-expr","locations":[{"start":{"line":29,"column":68},"end":{"line":29,"column":72}},{"start":{"line":29,"column":75},"end":{"line":29,"column":80}}]},"5":{"loc":{"start":{"line":32,"column":8},"end":{"line":34,"column":null}},"type":"cond-expr","locations":[{"start":{"line":33,"column":12},"end":{"line":33,"column":92}},{"start":{"line":34,"column":12},"end":{"line":34,"column":null}}]},"6":{"loc":{"start":{"line":33,"column":12},"end":{"line":33,"column":92}},"type":"binary-expr","locations":[{"start":{"line":33,"column":12},"end":{"line":33,"column":64}},{"start":{"line":33,"column":64},"end":{"line":33,"column":92}}]},"7":{"loc":{"start":{"line":33,"column":36},"end":{"line":33,"column":60}},"type":"cond-expr","locations":[{"start":{"line":33,"column":48},"end":{"line":33,"column":50}},{"start":{"line":33,"column":48},"end":{"line":33,"column":60}}]},"8":{"loc":{"start":{"line":33,"column":36},"end":{"line":33,"column":50}},"type":"binary-expr","locations":[{"start":{"line":33,"column":36},"end":{"line":33,"column":50}},{"start":{"line":33,"column":48},"end":{"line":33,"column":50}}]},"9":{"loc":{"start":{"line":34,"column":36},"end":{"line":34,"column":60}},"type":"cond-expr","locations":[{"start":{"line":34,"column":48},"end":{"line":34,"column":50}},{"start":{"line":34,"column":48},"end":{"line":34,"column":60}}]},"10":{"loc":{"start":{"line":34,"column":36},"end":{"line":34,"column":50}},"type":"binary-expr","locations":[{"start":{"line":34,"column":36},"end":{"line":34,"column":50}},{"start":{"line":34,"column":48},"end":{"line":34,"column":50}}]},"11":{"loc":{"start":{"line":54,"column":71},"end":{"line":54,"column":95}},"type":"cond-expr","locations":[{"start":{"line":54,"column":83},"end":{"line":54,"column":85}},{"start":{"line":54,"column":83},"end":{"line":54,"column":95}}]},"12":{"loc":{"start":{"line":54,"column":71},"end":{"line":54,"column":85}},"type":"binary-expr","locations":[{"start":{"line":54,"column":71},"end":{"line":54,"column":85}},{"start":{"line":54,"column":83},"end":{"line":54,"column":85}}]},"13":{"loc":{"start":{"line":60,"column":25},"end":{"line":60,"column":53}},"type":"cond-expr","locations":[{"start":{"line":60,"column":41},"end":{"line":60,"column":45}},{"start":{"line":60,"column":48},"end":{"line":60,"column":53}}]},"14":{"loc":{"start":{"line":76,"column":4},"end":{"line":76,"column":64}},"type":"if","locations":[{"start":{"line":76,"column":4},"end":{"line":76,"column":64}}]},"15":{"loc":{"start":{"line":78,"column":4},"end":{"line":79,"column":63}},"type":"if","locations":[{"start":{"line":78,"column":4},"end":{"line":79,"column":63}}]},"16":{"loc":{"start":{"line":78,"column":8},"end":{"line":78,"column":63}},"type":"binary-expr","locations":[{"start":{"line":78,"column":8},"end":{"line":78,"column":20}},{"start":{"line":78,"column":24},"end":{"line":78,"column":63}}]},"17":{"loc":{"start":{"line":83,"column":4},"end":{"line":95,"column":null}},"type":"if","locations":[{"start":{"line":83,"column":4},"end":{"line":95,"column":null}},{"start":{"line":93,"column":11},"end":{"line":95,"column":null}}]},"18":{"loc":{"start":{"line":121,"column":4},"end":{"line":121,"column":64}},"type":"if","locations":[{"start":{"line":121,"column":4},"end":{"line":121,"column":64}}]},"19":{"loc":{"start":{"line":142,"column":4},"end":{"line":142,"column":86}},"type":"if","locations":[{"start":{"line":142,"column":4},"end":{"line":142,"column":86}}]},"20":{"loc":{"start":{"line":142,"column":8},"end":{"line":142,"column":35}},"type":"binary-expr","locations":[{"start":{"line":142,"column":8},"end":{"line":142,"column":20}},{"start":{"line":142,"column":24},"end":{"line":142,"column":35}}]},"21":{"loc":{"start":{"line":143,"column":4},"end":{"line":144,"column":79}},"type":"if","locations":[{"start":{"line":143,"column":4},"end":{"line":144,"column":79}}]},"22":{"loc":{"start":{"line":149,"column":4},"end":{"line":173,"column":null}},"type":"if","locations":[{"start":{"line":149,"column":4},"end":{"line":173,"column":null}},{"start":{"line":160,"column":11},"end":{"line":173,"column":null}}]}},"s":{"0":1,"1":1,"2":1,"3":1,"4":0,"5":0,"6":0,"7":0,"8":0,"9":0,"10":0,"11":0,"12":0,"13":0,"14":0,"15":0,"16":0,"17":0,"18":0,"19":0,"20":0,"21":0,"22":1,"23":1,"24":0,"25":0,"26":0,"27":0,"28":0,"29":0,"30":0,"31":0,"32":1,"33":1,"34":0,"35":0,"36":0,"37":0,"38":0,"39":0,"40":0,"41":0,"42":0,"43":0,"44":0,"45":0,"46":0,"47":0,"48":0,"49":0,"50":0,"51":0,"52":0,"53":0,"54":0,"55":0,"56":0,"57":0,"58":0,"59":0,"60":1,"61":1,"62":0,"63":0,"64":0,"65":0,"66":0,"67":0,"68":0,"69":0,"70":1,"71":1,"72":0,"73":0,"74":0,"75":0,"76":0,"77":0,"78":0,"79":0,"80":0,"81":0,"82":0,"83":0,"84":0,"85":0,"86":0,"87":0,"88":0,"89":0,"90":0,"91":0,"92":0,"93":0,"94":0,"95":0,"96":0,"97":0,"98":0,"99":0,"100":0,"101":0,"102":1},"f":{"0":0,"1":0,"2":0,"3":0,"4":0,"5":0,"6":0,"7":0,"8":0,"9":0,"10":0,"11":0,"12":0,"13":0,"14":0},"b":{"0":[0,0],"1":[0],"2":[0,0],"3":[0,0],"4":[0,0],"5":[0,0],"6":[0,0],"7":[0,0],"8":[0,0],"9":[0,0],"10":[0,0],"11":[0,0],"12":[0,0],"13":[0,0],"14":[0],"15":[0],"16":[0,0],"17":[0,0],"18":[0],"19":[0],"20":[0,0],"21":[0],"22":[0,0]}}
,"D:\\belajar-web-program\\my-project\\Instagram-clone-rebuild\\backend\\src\\middleware\\authentication.ts": {"path":"D:\\belajar-web-program\\my-project\\Instagram-clone-rebuild\\backend\\src\\middleware\\authentication.ts","statementMap":{"0":{"start":{"line":2,"column":0},"end":{"line":2,"column":31}},"1":{"start":{"line":3,"column":0},"end":{"line":3,"column":41}},"2":{"start":{"line":4,"column":0},"end":{"line":4,"column":34}},"3":{"start":{"line":7,"column":23},"end":{"line":22,"column":2}},"4":{"start":{"line":7,"column":81},"end":{"line":22,"column":2}},"5":{"start":{"line":8,"column":2},"end":{"line":21,"column":null}},"6":{"start":{"line":9,"column":24},"end":{"line":9,"column":49}},"7":{"start":{"line":10,"column":4},"end":{"line":10,"column":65}},"8":{"start":{"line":10,"column":22},"end":{"line":10,"column":65}},"9":{"start":{"line":12,"column":18},"end":{"line":12,"column":43}},"10":{"start":{"line":13,"column":20},"end":{"line":13,"column":83}},"11":{"start":{"line":15,"column":31},"end":{"line":15,"column":63}},"12":{"start":{"line":16,"column":4},"end":{"line":16,"column":29}},"13":{"start":{"line":18,"column":4},"end":{"line":18,"column":11}},"14":{"start":{"line":20,"column":4},"end":{"line":20,"column":43}},"15":{"start":{"line":24,"column":0},"end":{"line":24,"column":30}}},"fnMap":{"0":{"name":"(anonymous_8)","decl":{"start":{"line":7,"column":23},"end":{"line":7,"column":30}},"loc":{"start":{"line":7,"column":81},"end":{"line":22,"column":2}}},"1":{"name":"(anonymous_9)","decl":{"start":{"line":7,"column":81},"end":{"line":7,"column":null}},"loc":{"start":{"line":7,"column":81},"end":{"line":22,"column":1}}}},"branchMap":{"0":{"loc":{"start":{"line":10,"column":4},"end":{"line":10,"column":65}},"type":"if","locations":[{"start":{"line":10,"column":4},"end":{"line":10,"column":65}}]}},"s":{"0":1,"1":1,"2":1,"3":1,"4":2,"5":2,"6":2,"7":2,"8":1,"9":1,"10":1,"11":1,"12":1,"13":1,"14":0,"15":1},"f":{"0":2,"1":2},"b":{"0":[1]}}
,"D:\\belajar-web-program\\my-project\\Instagram-clone-rebuild\\backend\\src\\middleware\\uploadFile.ts": {"path":"D:\\belajar-web-program\\my-project\\Instagram-clone-rebuild\\backend\\src\\middleware\\uploadFile.ts","statementMap":{"0":{"start":{"line":1,"column":0},"end":{"line":1,"column":40}},"1":{"start":{"line":3,"column":0},"end":{"line":3,"column":41}},"2":{"start":{"line":5,"column":24},"end":{"line":18,"column":1}},"3":{"start":{"line":6,"column":2},"end":{"line":17,"column":null}},"4":{"start":{"line":13,"column":4},"end":{"line":13,"column":19}},"5":{"start":{"line":16,"column":4},"end":{"line":16,"column":61}},"6":{"start":{"line":20,"column":23},"end":{"line":25,"column":2}},"7":{"start":{"line":27,"column":0},"end":{"line":27,"column":22}}},"fnMap":{"0":{"name":"(anonymous_1)","decl":{"start":{"line":5,"column":24},"end":{"line":5,"column":25}},"loc":{"start":{"line":5,"column":99},"end":{"line":18,"column":1}}}},"branchMap":{"0":{"loc":{"start":{"line":6,"column":2},"end":{"line":17,"column":null}},"type":"if","locations":[{"start":{"line":6,"column":2},"end":{"line":17,"column":null}},{"start":{"line":14,"column":9},"end":{"line":17,"column":null}}]},"1":{"loc":{"start":{"line":7,"column":4},"end":{"line":11,"column":33}},"type":"binary-expr","locations":[{"start":{"line":7,"column":4},"end":{"line":7,"column":32}},{"start":{"line":8,"column":4},"end":{"line":8,"column":32}},{"start":{"line":9,"column":4},"end":{"line":9,"column":33}},{"start":{"line":10,"column":4},"end":{"line":10,"column":32}},{"start":{"line":11,"column":4},"end":{"line":11,"column":33}}]}},"s":{"0":1,"1":1,"2":1,"3":0,"4":0,"5":0,"6":1,"7":1},"f":{"0":0},"b":{"0":[0,0],"1":[0,0,0,0,0]}}
,"D:\\belajar-web-program\\my-project\\Instagram-clone-rebuild\\backend\\src\\middleware\\validation.ts": {"path":"D:\\belajar-web-program\\my-project\\Instagram-clone-rebuild\\backend\\src\\middleware\\validation.ts","statementMap":{"0":{"start":{"line":2,"column":0},"end":{"line":2,"column":34}},"1":{"start":{"line":3,"column":0},"end":{"line":3,"column":41}},"2":{"start":{"line":5,"column":0},"end":{"line":5,"column":34}},"3":{"start":{"line":6,"column":0},"end":{"line":6,"column":46}},"4":{"start":{"line":8,"column":21},"end":{"line":31,"column":1}},"5":{"start":{"line":9,"column":2},"end":{"line":30,"column":null}},"6":{"start":{"line":10,"column":4},"end":{"line":15,"column":6}},"7":{"start":{"line":10,"column":69},"end":{"line":15,"column":6}},"8":{"start":{"line":11,"column":21},"end":{"line":11,"column":31}},"9":{"start":{"line":12,"column":33},"end":{"line":12,"column":56}},"10":{"start":{"line":13,"column":6},"end":{"line":13,"column":66}},"11":{"start":{"line":13,"column":17},"end":{"line":13,"column":66}},"12":{"start":{"line":14,"column":6},"end":{"line":14,"column":13}},"13":{"start":{"line":16,"column":9},"end":{"line":30,"column":null}},"14":{"start":{"line":17,"column":4},"end":{"line":22,"column":6}},"15":{"start":{"line":17,"column":69},"end":{"line":22,"column":6}},"16":{"start":{"line":18,"column":21},"end":{"line":18,"column":31}},"17":{"start":{"line":19,"column":33},"end":{"line":19,"column":56}},"18":{"start":{"line":20,"column":6},"end":{"line":20,"column":66}},"19":{"start":{"line":20,"column":17},"end":{"line":20,"column":66}},"20":{"start":{"line":21,"column":6},"end":{"line":21,"column":13}},"21":{"start":{"line":24,"column":4},"end":{"line":29,"column":6}},"22":{"start":{"line":24,"column":69},"end":{"line":29,"column":6}},"23":{"start":{"line":25,"column":21},"end":{"line":25,"column":31}},"24":{"start":{"line":26,"column":39},"end":{"line":26,"column":65}},"25":{"start":{"line":27,"column":6},"end":{"line":27,"column":72}},"26":{"start":{"line":27,"column":20},"end":{"line":27,"column":72}},"27":{"start":{"line":28,"column":6},"end":{"line":28,"column":13}},"28":{"start":{"line":33,"column":0},"end":{"line":33,"column":28}}},"fnMap":{"0":{"name":"(anonymous_8)","decl":{"start":{"line":8,"column":21},"end":{"line":8,"column":22}},"loc":{"start":{"line":8,"column":39},"end":{"line":31,"column":1}}},"1":{"name":"(anonymous_9)","decl":{"start":{"line":10,"column":11},"end":{"line":10,"column":18}},"loc":{"start":{"line":10,"column":69},"end":{"line":15,"column":6}}},"2":{"name":"(anonymous_10)","decl":{"start":{"line":10,"column":69},"end":{"line":10,"column":null}},"loc":{"start":{"line":10,"column":69},"end":{"line":15,"column":5}}},"3":{"name":"(anonymous_11)","decl":{"start":{"line":17,"column":11},"end":{"line":17,"column":18}},"loc":{"start":{"line":17,"column":69},"end":{"line":22,"column":6}}},"4":{"name":"(anonymous_12)","decl":{"start":{"line":17,"column":69},"end":{"line":17,"column":null}},"loc":{"start":{"line":17,"column":69},"end":{"line":22,"column":5}}},"5":{"name":"(anonymous_13)","decl":{"start":{"line":24,"column":11},"end":{"line":24,"column":18}},"loc":{"start":{"line":24,"column":69},"end":{"line":29,"column":6}}},"6":{"name":"(anonymous_14)","decl":{"start":{"line":24,"column":69},"end":{"line":24,"column":null}},"loc":{"start":{"line":24,"column":69},"end":{"line":29,"column":5}}}},"branchMap":{"0":{"loc":{"start":{"line":9,"column":2},"end":{"line":30,"column":null}},"type":"if","locations":[{"start":{"line":9,"column":2},"end":{"line":30,"column":null}},{"start":{"line":16,"column":9},"end":{"line":30,"column":null}}]},"1":{"loc":{"start":{"line":13,"column":6},"end":{"line":13,"column":66}},"type":"if","locations":[{"start":{"line":13,"column":6},"end":{"line":13,"column":66}}]},"2":{"loc":{"start":{"line":16,"column":9},"end":{"line":30,"column":null}},"type":"if","locations":[{"start":{"line":16,"column":9},"end":{"line":30,"column":null}},{"start":{"line":23,"column":9},"end":{"line":30,"column":null}}]},"3":{"loc":{"start":{"line":20,"column":6},"end":{"line":20,"column":66}},"type":"if","locations":[{"start":{"line":20,"column":6},"end":{"line":20,"column":66}}]},"4":{"loc":{"start":{"line":27,"column":6},"end":{"line":27,"column":72}},"type":"if","locations":[{"start":{"line":27,"column":6},"end":{"line":27,"column":72}}]}},"s":{"0":1,"1":1,"2":1,"3":1,"4":1,"5":10,"6":2,"7":0,"8":0,"9":0,"10":0,"11":0,"12":0,"13":8,"14":7,"15":0,"16":0,"17":0,"18":0,"19":0,"20":0,"21":1,"22":0,"23":0,"24":0,"25":0,"26":0,"27":0,"28":1},"f":{"0":10,"1":0,"2":0,"3":0,"4":0,"5":0,"6":0},"b":{"0":[2,8],"1":[0],"2":[7,1],"3":[0],"4":[0]}}
,"D:\\belajar-web-program\\my-project\\Instagram-clone-rebuild\\backend\\src\\models\\comment.ts": {"path":"D:\\belajar-web-program\\my-project\\Instagram-clone-rebuild\\backend\\src\\models\\comment.ts","statementMap":{"0":{"start":{"line":1,"column":0},"end":{"line":1,"column":44}},"1":{"start":{"line":4,"column":22},"end":{"line":33,"column":null}},"2":{"start":{"line":36,"column":16},"end":{"line":36,"column":66}},"3":{"start":{"line":38,"column":0},"end":{"line":38,"column":23}}},"fnMap":{},"branchMap":{"0":{"loc":{"start":{"line":21,"column":6},"end":{"line":29,"column":13}},"type":"binary-expr","locations":[{"start":{"line":21,"column":6},"end":{"line":29,"column":11}},{"start":{"line":29,"column":11},"end":{"line":29,"column":13}}]}},"s":{"0":1,"1":1,"2":1,"3":1},"f":{},"b":{"0":[1,0]}}
,"D:\\belajar-web-program\\my-project\\Instagram-clone-rebuild\\backend\\src\\models\\historySearch.ts": {"path":"D:\\belajar-web-program\\my-project\\Instagram-clone-rebuild\\backend\\src\\models\\historySearch.ts","statementMap":{"0":{"start":{"line":1,"column":0},"end":{"line":1,"column":44}},"1":{"start":{"line":4,"column":22},"end":{"line":19,"column":null}},"2":{"start":{"line":22,"column":16},"end":{"line":22,"column":66}},"3":{"start":{"line":24,"column":0},"end":{"line":24,"column":23}}},"fnMap":{},"branchMap":{},"s":{"0":1,"1":1,"2":1,"3":1},"f":{},"b":{}}
,"D:\\belajar-web-program\\my-project\\Instagram-clone-rebuild\\backend\\src\\models\\post.ts": {"path":"D:\\belajar-web-program\\my-project\\Instagram-clone-rebuild\\backend\\src\\models\\post.ts","statementMap":{"0":{"start":{"line":1,"column":0},"end":{"line":1,"column":44}},"1":{"start":{"line":4,"column":19},"end":{"line":41,"column":null}},"2":{"start":{"line":44,"column":13},"end":{"line":44,"column":47}},"3":{"start":{"line":46,"column":0},"end":{"line":46,"column":20}}},"fnMap":{},"branchMap":{},"s":{"0":1,"1":1,"2":1,"3":1},"f":{},"b":{}}
,"D:\\belajar-web-program\\my-project\\Instagram-clone-rebuild\\backend\\src\\models\\user.ts": {"path":"D:\\belajar-web-program\\my-project\\Instagram-clone-rebuild\\backend\\src\\models\\user.ts","statementMap":{"0":{"start":{"line":1,"column":0},"end":{"line":1,"column":44}},"1":{"start":{"line":4,"column":19},"end":{"line":83,"column":null}},"2":{"start":{"line":86,"column":13},"end":{"line":86,"column":54}},"3":{"start":{"line":88,"column":0},"end":{"line":88,"column":20}}},"fnMap":{},"branchMap":{"0":{"loc":{"start":{"line":69,"column":12},"end":{"line":69,"column":26}},"type":"binary-expr","locations":[{"start":{"line":69,"column":12},"end":{"line":69,"column":18}},{"start":{"line":69,"column":22},"end":{"line":69,"column":26}}]},"1":{"loc":{"start":{"line":76,"column":12},"end":{"line":76,"column":26}},"type":"binary-expr","locations":[{"start":{"line":76,"column":12},"end":{"line":76,"column":18}},{"start":{"line":76,"column":22},"end":{"line":76,"column":26}}]}},"s":{"0":1,"1":1,"2":1,"3":1},"f":{},"b":{"0":[1,0],"1":[1,0]}}
,"D:\\belajar-web-program\\my-project\\Instagram-clone-rebuild\\backend\\src\\routes\\auth.ts": {"path":"D:\\belajar-web-program\\my-project\\Instagram-clone-rebuild\\backend\\src\\routes\\auth.ts","statementMap":{"0":{"start":{"line":1,"column":0},"end":{"line":1,"column":30}},"1":{"start":{"line":2,"column":0},"end":{"line":2,"column":58}},"2":{"start":{"line":3,"column":0},"end":{"line":3,"column":null}},"3":{"start":{"line":11,"column":15},"end":{"line":11,"column":31}},"4":{"start":{"line":13,"column":0},"end":{"line":13,"column":35}},"5":{"start":{"line":14,"column":0},"end":{"line":14,"column":43}},"6":{"start":{"line":15,"column":0},"end":{"line":15,"column":46}},"7":{"start":{"line":16,"column":0},"end":{"line":16,"column":43}},"8":{"start":{"line":17,"column":0},"end":{"line":17,"column":33}},"9":{"start":{"line":19,"column":19},"end":{"line":19,"column":25}},"10":{"start":{"line":20,"column":0},"end":{"line":20,"column":26}}},"fnMap":{},"branchMap":{},"s":{"0":1,"1":1,"2":1,"3":1,"4":1,"5":1,"6":1,"7":1,"8":1,"9":1,"10":1},"f":{},"b":{}}
,"D:\\belajar-web-program\\my-project\\Instagram-clone-rebuild\\backend\\src\\routes\\comment.ts": {"path":"D:\\belajar-web-program\\my-project\\Instagram-clone-rebuild\\backend\\src\\routes\\comment.ts","statementMap":{"0":{"start":{"line":1,"column":0},"end":{"line":1,"column":30}},"1":{"start":{"line":2,"column":0},"end":{"line":2,"column":58}},"2":{"start":{"line":3,"column":0},"end":{"line":3,"column":52}},"3":{"start":{"line":4,"column":0},"end":{"line":4,"column":85}},"4":{"start":{"line":6,"column":15},"end":{"line":6,"column":31}},"5":{"start":{"line":8,"column":0},"end":{"line":8,"column":65}},"6":{"start":{"line":9,"column":0},"end":{"line":9,"column":73}},"7":{"start":{"line":10,"column":0},"end":{"line":10,"column":73}},"8":{"start":{"line":12,"column":22},"end":{"line":12,"column":28}},"9":{"start":{"line":13,"column":0},"end":{"line":13,"column":29}}},"fnMap":{},"branchMap":{},"s":{"0":1,"1":1,"2":1,"3":1,"4":1,"5":1,"6":1,"7":1,"8":1,"9":1},"f":{},"b":{}}
,"D:\\belajar-web-program\\my-project\\Instagram-clone-rebuild\\backend\\src\\routes\\historySearch.ts": {"path":"D:\\belajar-web-program\\my-project\\Instagram-clone-rebuild\\backend\\src\\routes\\historySearch.ts","statementMap":{"0":{"start":{"line":1,"column":0},"end":{"line":1,"column":30}},"1":{"start":{"line":2,"column":0},"end":{"line":2,"column":58}},"2":{"start":{"line":3,"column":0},"end":{"line":3,"column":106}},"3":{"start":{"line":4,"column":0},"end":{"line":4,"column":52}},"4":{"start":{"line":6,"column":15},"end":{"line":6,"column":31}},"5":{"start":{"line":8,"column":0},"end":{"line":8,"column":56}},"6":{"start":{"line":9,"column":0},"end":{"line":9,"column":47}},"7":{"start":{"line":10,"column":0},"end":{"line":10,"column":53}},"8":{"start":{"line":11,"column":0},"end":{"line":11,"column":78}},"9":{"start":{"line":13,"column":22},"end":{"line":13,"column":28}},"10":{"start":{"line":14,"column":0},"end":{"line":14,"column":29}}},"fnMap":{},"branchMap":{},"s":{"0":1,"1":1,"2":1,"3":1,"4":1,"5":1,"6":1,"7":1,"8":1,"9":1,"10":1},"f":{},"b":{}}
,"D:\\belajar-web-program\\my-project\\Instagram-clone-rebuild\\backend\\src\\routes\\post.ts": {"path":"D:\\belajar-web-program\\my-project\\Instagram-clone-rebuild\\backend\\src\\routes\\post.ts","statementMap":{"0":{"start":{"line":1,"column":0},"end":{"line":1,"column":30}},"1":{"start":{"line":2,"column":0},"end":{"line":2,"column":58}},"2":{"start":{"line":3,"column":0},"end":{"line":3,"column":46}},"3":{"start":{"line":4,"column":0},"end":{"line":4,"column":52}},"4":{"start":{"line":5,"column":0},"end":{"line":5,"column":121}},"5":{"start":{"line":7,"column":15},"end":{"line":7,"column":31}},"6":{"start":{"line":9,"column":0},"end":{"line":9,"column":75}},"7":{"start":{"line":10,"column":0},"end":{"line":10,"column":76}},"8":{"start":{"line":12,"column":0},"end":{"line":12,"column":69}},"9":{"start":{"line":13,"column":0},"end":{"line":13,"column":44}},"10":{"start":{"line":14,"column":0},"end":{"line":14,"column":70}},"11":{"start":{"line":15,"column":0},"end":{"line":15,"column":72}},"12":{"start":{"line":16,"column":0},"end":{"line":16,"column":71}},"13":{"start":{"line":18,"column":19},"end":{"line":18,"column":25}},"14":{"start":{"line":19,"column":0},"end":{"line":19,"column":26}}},"fnMap":{},"branchMap":{},"s":{"0":1,"1":1,"2":1,"3":1,"4":1,"5":1,"6":1,"7":1,"8":1,"9":1,"10":1,"11":1,"12":1,"13":1,"14":1},"f":{},"b":{}}
,"D:\\belajar-web-program\\my-project\\Instagram-clone-rebuild\\backend\\src\\routes\\user.ts": {"path":"D:\\belajar-web-program\\my-project\\Instagram-clone-rebuild\\backend\\src\\routes\\user.ts","statementMap":{"0":{"start":{"line":1,"column":0},"end":{"line":1,"column":30}},"1":{"start":{"line":2,"column":0},"end":{"line":2,"column":58}},"2":{"start":{"line":3,"column":0},"end":{"line":3,"column":103}},"3":{"start":{"line":4,"column":0},"end":{"line":4,"column":46}},"4":{"start":{"line":5,"column":0},"end":{"line":5,"column":52}},"5":{"start":{"line":7,"column":15},"end":{"line":7,"column":31}},"6":{"start":{"line":9,"column":0},"end":{"line":9,"column":45}},"7":{"start":{"line":10,"column":0},"end":{"line":10,"column":70}},"8":{"start":{"line":11,"column":0},"end":{"line":11,"column":44}},"9":{"start":{"line":12,"column":0},"end":{"line":12,"column":70}},"10":{"start":{"line":13,"column":0},"end":{"line":13,"column":78}},"11":{"start":{"line":15,"column":19},"end":{"line":15,"column":25}},"12":{"start":{"line":16,"column":0},"end":{"line":16,"column":26}}},"fnMap":{},"branchMap":{},"s":{"0":1,"1":1,"2":1,"3":1,"4":1,"5":1,"6":1,"7":1,"8":1,"9":1,"10":1,"11":1,"12":1},"f":{},"b":{}}
,"D:\\belajar-web-program\\my-project\\Instagram-clone-rebuild\\backend\\src\\utils\\apiError.ts": {"path":"D:\\belajar-web-program\\my-project\\Instagram-clone-rebuild\\backend\\src\\utils\\apiError.ts","statementMap":{"0":{"start":{"line":6,"column":4},"end":{"line":6,"column":19}},"1":{"start":{"line":8,"column":4},"end":{"line":8,"column":33}},"2":{"start":{"line":9,"column":4},"end":{"line":9,"column":71}},"3":{"start":{"line":11,"column":4},"end":{"line":11,"column":52}},"4":{"start":{"line":15,"column":0},"end":{"line":15,"column":24}}},"fnMap":{"0":{"name":"(anonymous_0)","decl":{"start":{"line":5,"column":2},"end":{"line":5,"column":14}},"loc":{"start":{"line":5,"column":49},"end":{"line":12,"column":3}}}},"branchMap":{"0":{"loc":{"start":{"line":9,"column":18},"end":{"line":9,"column":70}},"type":"cond-expr","locations":[{"start":{"line":9,"column":52},"end":{"line":9,"column":60}},{"start":{"line":9,"column":63},"end":{"line":9,"column":70}}]}},"s":{"0":5,"1":5,"2":5,"3":5,"4":1},"f":{"0":5},"b":{"0":[5,0]}}
,"D:\\belajar-web-program\\my-project\\Instagram-clone-rebuild\\backend\\src\\utils\\imagekit.ts": {"path":"D:\\belajar-web-program\\my-project\\Instagram-clone-rebuild\\backend\\src\\utils\\imagekit.ts","statementMap":{"0":{"start":{"line":1,"column":0},"end":{"line":1,"column":32}},"1":{"start":{"line":2,"column":0},"end":{"line":2,"column":28}},"2":{"start":{"line":3,"column":0},"end":{"line":3,"column":16}},"3":{"start":{"line":5,"column":17},"end":{"line":9,"column":2}},"4":{"start":{"line":11,"column":0},"end":{"line":11,"column":24}}},"fnMap":{},"branchMap":{},"s":{"0":1,"1":1,"2":1,"3":1,"4":1},"f":{},"b":{}}
}
