TN:
SF:src\app.ts
FN:27,(anonymous_1)
FNF:1
FNH:0
FNDA:0,(anonymous_1)
DA:1,1
DA:2,1
DA:3,1
DA:4,1
DA:5,1
DA:6,1
DA:7,1
DA:8,1
DA:9,1
DA:10,1
DA:11,1
DA:13,1
DA:15,1
DA:16,1
DA:17,1
DA:19,1
DA:21,1
DA:22,1
DA:23,1
DA:24,1
DA:25,1
DA:27,1
DA:28,0
DA:30,1
DA:32,1
LF:25
LH:24
BRF:0
BRH:0
end_of_record
TN:
SF:src\controllers\auth.ts
FN:9,(anonymous_8)
FN:9,(anonymous_9)
FN:34,(anonymous_10)
FN:34,(anonymous_11)
FN:76,(anonymous_12)
FN:76,(anonymous_13)
FN:127,(anonymous_14)
FN:127,(anonymous_15)
FN:151,(anonymous_16)
FN:151,(anonymous_17)
FNF:10
FNH:10
FNDA:3,(anonymous_8)
FNDA:3,(anonymous_9)
FNDA:3,(anonymous_10)
FNDA:3,(anonymous_11)
FNDA:1,(anonymous_12)
FNDA:1,(anonymous_13)
FNDA:1,(anonymous_14)
FNDA:1,(anonymous_15)
FNDA:1,(anonymous_16)
FNDA:1,(anonymous_17)
DA:2,1
DA:3,1
DA:5,1
DA:6,1
DA:9,3
DA:10,3
DA:11,3
DA:12,3
DA:13,3
DA:14,3
DA:15,1
DA:17,1
DA:19,1
DA:25,1
DA:30,0
DA:34,3
DA:35,3
DA:36,3
DA:37,3
DA:38,3
DA:40,2
DA:41,2
DA:43,1
DA:49,1
DA:53,1
DA:57,1
DA:58,1
DA:59,1
DA:61,1
DA:72,0
DA:76,1
DA:77,1
DA:79,1
DA:80,1
DA:82,1
DA:83,1
DA:85,1
DA:86,0
DA:96,1
DA:102,1
DA:106,1
DA:110,1
DA:111,1
DA:113,1
DA:115,1
DA:123,0
DA:127,1
DA:128,1
DA:129,1
DA:130,1
DA:132,1
DA:136,1
DA:138,0
DA:139,0
DA:141,0
DA:142,0
DA:147,0
DA:151,1
DA:152,1
DA:153,1
DA:154,1
DA:161,0
LF:62
LH:52
BRDA:14,0,0,2
BRDA:15,1,0,0
BRDA:38,2,0,1
BRDA:41,3,0,1
BRDA:85,4,0,0
BRDA:97,5,0,0
BRDA:97,5,1,1
BRDA:97,6,0,1
BRDA:97,6,1,1
BRDA:98,7,0,0
BRDA:98,7,1,1
BRDA:98,8,0,1
BRDA:98,8,1,1
BRDA:99,9,0,0
BRDA:99,9,1,1
BRDA:99,10,0,1
BRDA:99,10,1,1
BRDA:111,11,0,0
BRDA:111,11,1,1
BRDA:111,12,0,1
BRDA:111,12,1,1
BRDA:130,13,0,0
BRDA:136,14,0,1
BRF:23
BRH:16
end_of_record
TN:
SF:src\controllers\comment.ts
FN:8,(anonymous_8)
FN:8,(anonymous_9)
FN:36,(anonymous_10)
FN:36,(anonymous_11)
FN:75,(anonymous_12)
FN:75,(anonymous_13)
FNF:6
FNH:0
FNDA:0,(anonymous_8)
FNDA:0,(anonymous_9)
FNDA:0,(anonymous_10)
FNDA:0,(anonymous_11)
FNDA:0,(anonymous_12)
FNDA:0,(anonymous_13)
DA:3,1
DA:5,1
DA:6,1
DA:8,1
DA:9,0
DA:10,0
DA:12,0
DA:13,0
DA:15,0
DA:22,0
DA:23,0
DA:25,0
DA:27,0
DA:32,0
DA:36,1
DA:37,0
DA:38,0
DA:39,0
DA:64,0
DA:71,0
DA:75,1
DA:76,0
DA:77,0
DA:79,0
DA:80,0
DA:81,0
DA:83,0
DA:84,0
DA:86,0
DA:90,0
DA:91,0
DA:93,0
DA:94,0
DA:96,0
DA:101,0
LF:35
LH:6
BRDA:22,0,0,0
BRDA:22,0,1,0
BRDA:22,1,0,0
BRDA:22,1,1,0
BRDA:25,2,0,0
BRDA:25,2,1,0
BRDA:25,3,0,0
BRDA:25,3,1,0
BRDA:81,4,0,0
BRDA:84,5,0,0
BRF:10
BRH:0
end_of_record
TN:
SF:src\controllers\errorHandler.ts
FN:4,(anonymous_0)
FNF:1
FNH:1
FNDA:5,(anonymous_0)
DA:4,1
DA:5,5
DA:6,5
DA:7,5
DA:9,5
DA:15,1
LF:6
LH:6
BRDA:5,0,0,5
BRDA:5,0,1,0
BRF:2
BRH:1
end_of_record
TN:
SF:src\controllers\historySearch.ts
FN:8,(anonymous_8)
FN:8,(anonymous_9)
FN:45,(anonymous_10)
FN:45,(anonymous_11)
FN:59,(anonymous_12)
FN:59,(anonymous_13)
FN:74,(anonymous_14)
FN:74,(anonymous_15)
FNF:8
FNH:0
FNDA:0,(anonymous_8)
FNDA:0,(anonymous_9)
FNDA:0,(anonymous_10)
FNDA:0,(anonymous_11)
FNDA:0,(anonymous_12)
FNDA:0,(anonymous_13)
FNDA:0,(anonymous_14)
FNDA:0,(anonymous_15)
DA:3,1
DA:5,1
DA:6,1
DA:8,1
DA:9,0
DA:10,0
DA:11,0
DA:12,0
DA:14,0
DA:19,0
DA:20,0
DA:25,0
DA:36,0
DA:41,0
DA:45,1
DA:46,0
DA:47,0
DA:48,0
DA:55,0
DA:59,1
DA:60,0
DA:62,0
DA:63,0
DA:65,0
DA:70,0
DA:74,1
DA:75,0
DA:76,0
DA:80,0
DA:85,0
LF:30
LH:7
BRDA:12,0,0,0
BRDA:19,1,0,0
BRDA:19,1,1,0
BRF:3
BRH:0
end_of_record
TN:
SF:src\controllers\post.ts
FN:8,(anonymous_8)
FN:8,(anonymous_9)
FN:45,(anonymous_10)
FN:45,(anonymous_11)
FN:59,(anonymous_12)
FN:60,(anonymous_13)
FN:74,(anonymous_14)
FN:74,(anonymous_15)
FN:82,(anonymous_16)
FN:96,(anonymous_17)
FN:96,(anonymous_18)
FN:113,(anonymous_19)
FN:113,(anonymous_20)
FN:136,(anonymous_21)
FN:136,(anonymous_22)
FN:143,(anonymous_23)
FN:168,(anonymous_24)
FN:168,(anonymous_25)
FN:174,(anonymous_26)
FN:176,(anonymous_27)
FNF:20
FNH:0
FNDA:0,(anonymous_8)
FNDA:0,(anonymous_9)
FNDA:0,(anonymous_10)
FNDA:0,(anonymous_11)
FNDA:0,(anonymous_12)
FNDA:0,(anonymous_13)
FNDA:0,(anonymous_14)
FNDA:0,(anonymous_15)
FNDA:0,(anonymous_16)
FNDA:0,(anonymous_17)
FNDA:0,(anonymous_18)
FNDA:0,(anonymous_19)
FNDA:0,(anonymous_20)
FNDA:0,(anonymous_21)
FNDA:0,(anonymous_22)
FNDA:0,(anonymous_23)
FNDA:0,(anonymous_24)
FNDA:0,(anonymous_25)
FNDA:0,(anonymous_26)
FNDA:0,(anonymous_27)
DA:2,1
DA:3,1
DA:5,1
DA:6,1
DA:8,1
DA:9,0
DA:11,0
DA:12,0
DA:13,0
DA:15,0
DA:16,0
DA:18,0
DA:24,0
DA:31,0
DA:32,0
DA:33,0
DA:34,0
DA:36,0
DA:41,0
DA:45,1
DA:46,0
DA:47,0
DA:48,0
DA:49,0
DA:50,0
DA:52,0
DA:59,0
DA:60,0
DA:61,0
DA:63,0
DA:70,0
DA:74,1
DA:75,0
DA:77,0
DA:78,0
DA:82,0
DA:83,0
DA:85,0
DA:92,0
DA:96,1
DA:97,0
DA:99,0
DA:100,0
DA:101,0
DA:103,0
DA:104,0
DA:109,0
DA:113,1
DA:114,0
DA:115,0
DA:117,0
DA:118,0
DA:127,0
DA:132,0
DA:136,1
DA:137,0
DA:138,0
DA:139,0
DA:140,0
DA:141,0
DA:143,0
DA:145,0
DA:146,0
DA:147,0
DA:148,0
DA:149,0
DA:150,0
DA:153,0
DA:154,0
DA:155,0
DA:156,0
DA:159,0
DA:164,0
DA:168,1
DA:169,0
DA:170,0
DA:171,0
DA:172,0
DA:174,0
DA:176,0
DA:177,0
DA:180,0
DA:185,0
LF:83
LH:11
BRDA:13,0,0,0
BRDA:20,1,0,0
BRDA:20,1,1,0
BRDA:49,2,0,0
BRDA:60,3,0,0
BRDA:60,3,1,0
BRDA:60,4,0,0
BRDA:60,4,1,0
BRDA:61,5,0,0
BRDA:61,5,1,0
BRDA:82,6,0,0
BRDA:82,6,1,0
BRDA:82,7,0,0
BRDA:82,7,1,0
BRDA:83,8,0,0
BRDA:83,8,1,0
BRDA:101,9,0,0
BRDA:101,10,0,0
BRDA:101,10,1,0
BRDA:101,11,0,0
BRDA:101,11,1,0
BRDA:143,12,0,0
BRDA:143,12,1,0
BRDA:143,13,0,0
BRDA:143,13,1,0
BRDA:146,14,0,0
BRDA:146,14,1,0
BRDA:176,15,0,0
BRDA:176,15,1,0
BRDA:176,16,0,0
BRDA:176,16,1,0
BRDA:177,17,0,0
BRDA:177,17,1,0
BRF:33
BRH:0
end_of_record
TN:
SF:src\controllers\user.ts
FN:7,(anonymous_8)
FN:7,(anonymous_9)
FN:27,(anonymous_10)
FN:28,(anonymous_11)
FN:31,(anonymous_12)
FN:48,(anonymous_13)
FN:48,(anonymous_14)
FN:54,(anonymous_15)
FN:69,(anonymous_16)
FN:69,(anonymous_17)
FN:114,(anonymous_18)
FN:114,(anonymous_19)
FN:134,(anonymous_20)
FN:134,(anonymous_21)
FN:146,(anonymous_22)
FNF:15
FNH:0
FNDA:0,(anonymous_8)
FNDA:0,(anonymous_9)
FNDA:0,(anonymous_10)
FNDA:0,(anonymous_11)
FNDA:0,(anonymous_12)
FNDA:0,(anonymous_13)
FNDA:0,(anonymous_14)
FNDA:0,(anonymous_15)
FNDA:0,(anonymous_16)
FNDA:0,(anonymous_17)
FNDA:0,(anonymous_18)
FNDA:0,(anonymous_19)
FNDA:0,(anonymous_20)
FNDA:0,(anonymous_21)
FNDA:0,(anonymous_22)
DA:2,1
DA:3,1
DA:4,1
DA:7,1
DA:8,0
DA:9,0
DA:10,0
DA:11,0
DA:12,0
DA:14,0
DA:17,0
DA:19,0
DA:20,0
DA:23,0
DA:26,0
DA:28,0
DA:29,0
DA:32,0
DA:37,0
DA:44,0
DA:48,1
DA:49,0
DA:50,0
DA:51,0
DA:54,0
DA:55,0
DA:65,0
DA:69,1
DA:70,0
DA:71,0
DA:73,0
DA:74,0
DA:75,0
DA:76,0
DA:78,0
DA:79,0
DA:81,0
DA:82,0
DA:83,0
DA:84,0
DA:85,0
DA:87,0
DA:92,0
DA:94,0
DA:97,0
DA:98,0
DA:99,0
DA:100,0
DA:101,0
DA:103,0
DA:105,0
DA:110,0
DA:114,1
DA:115,0
DA:117,0
DA:118,0
DA:121,0
DA:123,0
DA:130,0
DA:134,1
DA:135,0
DA:136,0
DA:138,0
DA:139,0
DA:140,0
DA:142,0
DA:143,0
DA:144,0
DA:146,0
DA:148,0
DA:149,0
DA:150,0
DA:151,0
DA:154,0
DA:155,0
DA:157,0
DA:158,0
DA:159,0
DA:162,0
DA:164,0
DA:167,0
DA:168,0
DA:170,0
DA:171,0
DA:172,0
DA:174,0
DA:179,0
LF:87
LH:8
BRDA:11,0,0,0
BRDA:11,0,1,0
BRDA:19,1,0,0
BRDA:28,2,0,0
BRDA:28,2,1,0
BRDA:28,3,0,0
BRDA:28,3,1,0
BRDA:29,4,0,0
BRDA:29,4,1,0
BRDA:32,5,0,0
BRDA:32,5,1,0
BRDA:33,6,0,0
BRDA:33,6,1,0
BRDA:33,7,0,0
BRDA:33,7,1,0
BRDA:33,8,0,0
BRDA:33,8,1,0
BRDA:34,9,0,0
BRDA:34,9,1,0
BRDA:34,10,0,0
BRDA:34,10,1,0
BRDA:54,11,0,0
BRDA:54,11,1,0
BRDA:54,12,0,0
BRDA:54,12,1,0
BRDA:60,13,0,0
BRDA:60,13,1,0
BRDA:76,14,0,0
BRDA:78,15,0,0
BRDA:78,16,0,0
BRDA:78,16,1,0
BRDA:83,17,0,0
BRDA:83,17,1,0
BRDA:121,18,0,0
BRDA:142,19,0,0
BRDA:142,20,0,0
BRDA:142,20,1,0
BRDA:143,21,0,0
BRDA:149,22,0,0
BRDA:149,22,1,0
BRF:40
BRH:0
end_of_record
TN:
SF:src\middleware\authentication.ts
FN:7,(anonymous_8)
FN:7,(anonymous_9)
FNF:2
FNH:2
FNDA:2,(anonymous_8)
FNDA:2,(anonymous_9)
DA:2,1
DA:3,1
DA:4,1
DA:7,2
DA:8,2
DA:9,2
DA:10,2
DA:12,1
DA:13,1
DA:15,1
DA:16,1
DA:18,1
DA:20,0
DA:24,1
LF:14
LH:13
BRDA:10,0,0,1
BRF:1
BRH:1
end_of_record
TN:
SF:src\middleware\uploadFile.ts
FN:5,(anonymous_1)
FNF:1
FNH:0
FNDA:0,(anonymous_1)
DA:1,1
DA:3,1
DA:5,1
DA:6,0
DA:13,0
DA:16,0
DA:20,1
DA:27,1
LF:8
LH:5
BRDA:6,0,0,0
BRDA:6,0,1,0
BRDA:7,1,0,0
BRDA:7,1,1,0
BRDA:7,1,2,0
BRDA:7,1,3,0
BRDA:7,1,4,0
BRF:7
BRH:0
end_of_record
TN:
SF:src\middleware\validation.ts
FN:8,(anonymous_8)
FN:10,(anonymous_9)
FN:10,(anonymous_10)
FN:17,(anonymous_11)
FN:17,(anonymous_12)
FN:24,(anonymous_13)
FN:24,(anonymous_14)
FNF:7
FNH:1
FNDA:10,(anonymous_8)
FNDA:0,(anonymous_9)
FNDA:0,(anonymous_10)
FNDA:0,(anonymous_11)
FNDA:0,(anonymous_12)
FNDA:0,(anonymous_13)
FNDA:0,(anonymous_14)
DA:2,1
DA:3,1
DA:5,1
DA:6,1
DA:8,1
DA:9,10
DA:10,2
DA:11,0
DA:12,0
DA:13,0
DA:14,0
DA:16,8
DA:17,7
DA:18,0
DA:19,0
DA:20,0
DA:21,0
DA:24,1
DA:25,0
DA:26,0
DA:27,0
DA:28,0
DA:33,1
LF:23
LH:11
BRDA:9,0,0,2
BRDA:9,0,1,8
BRDA:13,1,0,0
BRDA:16,2,0,7
BRDA:16,2,1,1
BRDA:20,3,0,0
BRDA:27,4,0,0
BRF:7
BRH:4
end_of_record
TN:
SF:src\models\comment.ts
FNF:0
FNH:0
DA:1,1
DA:4,1
DA:36,1
DA:38,1
LF:4
LH:4
BRDA:21,0,0,1
BRDA:21,0,1,0
BRF:2
BRH:1
end_of_record
TN:
SF:src\models\historySearch.ts
FNF:0
FNH:0
DA:1,1
DA:4,1
DA:22,1
DA:24,1
LF:4
LH:4
BRF:0
BRH:0
end_of_record
TN:
SF:src\models\post.ts
FNF:0
FNH:0
DA:1,1
DA:4,1
DA:44,1
DA:46,1
LF:4
LH:4
BRF:0
BRH:0
end_of_record
TN:
SF:src\models\user.ts
FNF:0
FNH:0
DA:1,1
DA:4,1
DA:86,1
DA:88,1
LF:4
LH:4
BRDA:69,0,0,1
BRDA:69,0,1,0
BRDA:76,1,0,1
BRDA:76,1,1,0
BRF:4
BRH:2
end_of_record
TN:
SF:src\routes\auth.ts
FNF:0
FNH:0
DA:1,1
DA:2,1
DA:3,1
DA:11,1
DA:13,1
DA:14,1
DA:15,1
DA:16,1
DA:17,1
DA:19,1
DA:20,1
LF:11
LH:11
BRF:0
BRH:0
end_of_record
TN:
SF:src\routes\comment.ts
FNF:0
FNH:0
DA:1,1
DA:2,1
DA:3,1
DA:4,1
DA:6,1
DA:8,1
DA:9,1
DA:10,1
DA:12,1
DA:13,1
LF:10
LH:10
BRF:0
BRH:0
end_of_record
TN:
SF:src\routes\historySearch.ts
FNF:0
FNH:0
DA:1,1
DA:2,1
DA:3,1
DA:4,1
DA:6,1
DA:8,1
DA:9,1
DA:10,1
DA:11,1
DA:13,1
DA:14,1
LF:11
LH:11
BRF:0
BRH:0
end_of_record
TN:
SF:src\routes\post.ts
FNF:0
FNH:0
DA:1,1
DA:2,1
DA:3,1
DA:4,1
DA:5,1
DA:7,1
DA:9,1
DA:10,1
DA:12,1
DA:13,1
DA:14,1
DA:15,1
DA:16,1
DA:18,1
DA:19,1
LF:15
LH:15
BRF:0
BRH:0
end_of_record
TN:
SF:src\routes\user.ts
FNF:0
FNH:0
DA:1,1
DA:2,1
DA:3,1
DA:4,1
DA:5,1
DA:7,1
DA:9,1
DA:10,1
DA:11,1
DA:12,1
DA:13,1
DA:15,1
DA:16,1
LF:13
LH:13
BRF:0
BRH:0
end_of_record
TN:
SF:src\utils\apiError.ts
FN:5,(anonymous_0)
FNF:1
FNH:1
FNDA:5,(anonymous_0)
DA:6,5
DA:8,5
DA:9,5
DA:11,5
DA:15,1
LF:5
LH:5
BRDA:9,0,0,5
BRDA:9,0,1,0
BRF:2
BRH:1
end_of_record
TN:
SF:src\utils\imagekit.ts
FNF:0
FNH:0
DA:1,1
DA:2,1
DA:3,1
DA:5,1
DA:11,1
LF:5
LH:5
BRF:0
BRH:0
end_of_record
